0 info it worked if it ends with ok
1 verbose cli [ 'node', '/usr/local/bin/npm', 'install' ]
2 info using npm@2.13.0
3 info using node@v0.10.25
4 verbose readDependencies loading dependencies from /Users/jamesgeorge/projects/ray-ui/package.json
5 verbose install where, deps [ '/Users/jamesgeorge/projects/ray-ui',
5 verbose install   [ 'backbone',
5 verbose install     'bootstrap-sass',
5 verbose install     'font-awesome',
5 verbose install     'jquery',
5 verbose install     'merge',
5 verbose install     'moment',
5 verbose install     'nuance-form-controls',
5 verbose install     'q',
5 verbose install     'react',
5 verbose install     'react-router',
5 verbose install     'underscore',
5 verbose install     'css-loader',
5 verbose install     'eslint',
5 verbose install     'eslint-plugin-react',
5 verbose install     'grunt',
5 verbose install     'grunt-contrib-clean',
5 verbose install     'grunt-contrib-connect',
5 verbose install     'grunt-contrib-copy',
5 verbose install     'grunt-eslint',
5 verbose install     'grunt-karma',
5 verbose install     'grunt-open',
5 verbose install     'grunt-webpack',
5 verbose install     'istanbul',
5 verbose install     'istanbul-instrumenter-loader',
5 verbose install     'jasmine-core',
5 verbose install     'jsx-loader',
5 verbose install     'karma',
5 verbose install     'karma-chrome-launcher',
5 verbose install     'karma-coverage',
5 verbose install     'karma-firefox-launcher',
5 verbose install     'karma-jasmine',
5 verbose install     'karma-phantomjs-launcher',
5 verbose install     'karma-script-launcher',
5 verbose install     'karma-webpack',
5 verbose install     'load-grunt-tasks',
5 verbose install     'lodash',
5 verbose install     'mute-stream',
5 verbose install     'react-hot-loader',
5 verbose install     'react-tools',
5 verbose install     'sass-loader',
5 verbose install     'style-loader',
5 verbose install     'url-loader',
5 verbose install     'webpack',
5 verbose install     'webpack-dev-server' ] ]
6 verbose install peerDependency node-sass wasn't going to be installed; adding
7 warn peerDependencies The peer dependency node-sass included from ray-ui will no
8 warn peerDependencies longer be automatically installed to fulfill the peerDependency
9 warn peerDependencies in npm 3+. Your application will need to depend on it explicitly.
10 verbose install where, peers [ '/Users/jamesgeorge/projects/ray-ui', [ 'node-sass' ] ]
11 verbose installManyTop reading for lifecycle /Users/jamesgeorge/projects/ray-ui/package.json
12 info preinstall ray-ui@0.0.1
13 verbose installManyTop reading scoped package data from /Users/jamesgeorge/projects/ray-ui/node_modules/backbone/package.json
14 verbose installManyTop reading scoped package data from /Users/jamesgeorge/projects/ray-ui/node_modules/bootstrap-sass/package.json
15 verbose installManyTop reading scoped package data from /Users/jamesgeorge/projects/ray-ui/node_modules/css-loader/package.json
16 verbose installManyTop reading scoped package data from /Users/jamesgeorge/projects/ray-ui/node_modules/eslint/package.json
17 verbose installManyTop reading scoped package data from /Users/jamesgeorge/projects/ray-ui/node_modules/eslint-plugin-react/package.json
18 verbose installManyTop reading scoped package data from /Users/jamesgeorge/projects/ray-ui/node_modules/file-loader/package.json
19 verbose installManyTop reading scoped package data from /Users/jamesgeorge/projects/ray-ui/node_modules/font-awesome/package.json
20 verbose installManyTop reading scoped package data from /Users/jamesgeorge/projects/ray-ui/node_modules/grunt/package.json
21 verbose installManyTop reading scoped package data from /Users/jamesgeorge/projects/ray-ui/node_modules/grunt-contrib-clean/package.json
22 verbose installManyTop reading scoped package data from /Users/jamesgeorge/projects/ray-ui/node_modules/grunt-contrib-connect/package.json
23 verbose installManyTop reading scoped package data from /Users/jamesgeorge/projects/ray-ui/node_modules/grunt-contrib-copy/package.json
24 verbose installManyTop reading scoped package data from /Users/jamesgeorge/projects/ray-ui/node_modules/grunt-eslint/package.json
25 verbose installManyTop reading scoped package data from /Users/jamesgeorge/projects/ray-ui/node_modules/grunt-karma/package.json
26 verbose installManyTop reading scoped package data from /Users/jamesgeorge/projects/ray-ui/node_modules/grunt-open/package.json
27 verbose installManyTop reading scoped package data from /Users/jamesgeorge/projects/ray-ui/node_modules/grunt-webpack/package.json
28 verbose installManyTop reading scoped package data from /Users/jamesgeorge/projects/ray-ui/node_modules/istanbul/package.json
29 verbose installManyTop reading scoped package data from /Users/jamesgeorge/projects/ray-ui/node_modules/istanbul-instrumenter-loader/package.json
30 verbose installManyTop reading scoped package data from /Users/jamesgeorge/projects/ray-ui/node_modules/jasmine-core/package.json
31 verbose installManyTop reading scoped package data from /Users/jamesgeorge/projects/ray-ui/node_modules/jquery/package.json
32 verbose installManyTop reading scoped package data from /Users/jamesgeorge/projects/ray-ui/node_modules/jsx-loader/package.json
33 verbose installManyTop reading scoped package data from /Users/jamesgeorge/projects/ray-ui/node_modules/karma/package.json
34 verbose installManyTop reading scoped package data from /Users/jamesgeorge/projects/ray-ui/node_modules/karma-chrome-launcher/package.json
35 verbose installManyTop reading scoped package data from /Users/jamesgeorge/projects/ray-ui/node_modules/karma-coverage/package.json
36 verbose installManyTop reading scoped package data from /Users/jamesgeorge/projects/ray-ui/node_modules/karma-firefox-launcher/package.json
37 verbose installManyTop reading scoped package data from /Users/jamesgeorge/projects/ray-ui/node_modules/karma-jasmine/package.json
38 verbose installManyTop reading scoped package data from /Users/jamesgeorge/projects/ray-ui/node_modules/karma-phantomjs-launcher/package.json
39 verbose installManyTop reading scoped package data from /Users/jamesgeorge/projects/ray-ui/node_modules/karma-script-launcher/package.json
40 verbose installManyTop reading scoped package data from /Users/jamesgeorge/projects/ray-ui/node_modules/karma-webpack/package.json
41 verbose installManyTop reading scoped package data from /Users/jamesgeorge/projects/ray-ui/node_modules/load-grunt-tasks/package.json
42 verbose installManyTop reading scoped package data from /Users/jamesgeorge/projects/ray-ui/node_modules/lodash/package.json
43 verbose installManyTop reading scoped package data from /Users/jamesgeorge/projects/ray-ui/node_modules/merge/package.json
44 verbose installManyTop reading scoped package data from /Users/jamesgeorge/projects/ray-ui/node_modules/moment/package.json
45 verbose installManyTop reading scoped package data from /Users/jamesgeorge/projects/ray-ui/node_modules/mute-stream/package.json
46 verbose installManyTop reading scoped package data from /Users/jamesgeorge/projects/ray-ui/node_modules/node-sass/package.json
47 verbose installManyTop reading scoped package data from /Users/jamesgeorge/projects/ray-ui/node_modules/nuance-form-controls/package.json
48 verbose installManyTop reading scoped package data from /Users/jamesgeorge/projects/ray-ui/node_modules/q/package.json
49 verbose installManyTop reading scoped package data from /Users/jamesgeorge/projects/ray-ui/node_modules/react/package.json
50 verbose installManyTop reading scoped package data from /Users/jamesgeorge/projects/ray-ui/node_modules/react-hot-loader/package.json
51 verbose installManyTop reading scoped package data from /Users/jamesgeorge/projects/ray-ui/node_modules/react-router/package.json
52 verbose installManyTop reading scoped package data from /Users/jamesgeorge/projects/ray-ui/node_modules/react-tools/package.json
53 verbose installManyTop reading scoped package data from /Users/jamesgeorge/projects/ray-ui/node_modules/sass-loader/package.json
54 verbose installManyTop reading scoped package data from /Users/jamesgeorge/projects/ray-ui/node_modules/style-loader/package.json
55 verbose installManyTop reading scoped package data from /Users/jamesgeorge/projects/ray-ui/node_modules/underscore/package.json
56 verbose installManyTop reading scoped package data from /Users/jamesgeorge/projects/ray-ui/node_modules/url-loader/package.json
57 verbose installManyTop reading scoped package data from /Users/jamesgeorge/projects/ray-ui/node_modules/webpack/package.json
58 verbose installManyTop reading scoped package data from /Users/jamesgeorge/projects/ray-ui/node_modules/webpack-dev-server/package.json
59 info package.json css-loader@0.9.1 No license field.
60 info package.json grunt-contrib-connect@0.8.0 No license field.
61 info package.json grunt-contrib-copy@0.5.0 No license field.
62 info package.json grunt@0.4.5 No license field.
63 info package.json grunt-open@0.2.3 No license field.
64 info package.json grunt-contrib-clean@0.6.0 No license field.
65 info package.json grunt-webpack@1.0.11 No license field.
66 info package.json jquery@2.1.4 No license field.
67 info package.json jsx-loader@0.13.2 license should be a valid SPDX license expression
68 info package.json font-awesome@4.3.0 No license field.
69 info package.json karma-webpack@1.2.2 No license field.
70 info package.json moment@2.10.3 No license field.
71 info package.json q@1.4.1 license should be a valid SPDX license expression
72 info package.json nuance-form-controls@0.0.1 No license field.
73 info package.json style-loader@0.8.3 No license field.
74 info package.json webpack@1.4.15 No license field.
75 info package.json webpack-dev-server@1.6.6 No license field.
76 verbose readDependencies loading dependencies from /Users/jamesgeorge/projects/ray-ui/package.json
77 verbose targetResolver reading package data from /Users/jamesgeorge/projects/ray-ui/node_modules/backbone/package.json
78 verbose targetResolver reading package data from /Users/jamesgeorge/projects/ray-ui/node_modules/bootstrap-sass/package.json
79 verbose targetResolver reading package data from /Users/jamesgeorge/projects/ray-ui/node_modules/css-loader/package.json
80 verbose targetResolver reading package data from /Users/jamesgeorge/projects/ray-ui/node_modules/eslint/package.json
81 verbose targetResolver reading package data from /Users/jamesgeorge/projects/ray-ui/node_modules/eslint-plugin-react/package.json
82 verbose targetResolver reading package data from /Users/jamesgeorge/projects/ray-ui/node_modules/file-loader/package.json
83 verbose targetResolver reading package data from /Users/jamesgeorge/projects/ray-ui/node_modules/font-awesome/package.json
84 verbose targetResolver reading package data from /Users/jamesgeorge/projects/ray-ui/node_modules/grunt/package.json
85 verbose targetResolver reading package data from /Users/jamesgeorge/projects/ray-ui/node_modules/grunt-contrib-clean/package.json
86 verbose targetResolver reading package data from /Users/jamesgeorge/projects/ray-ui/node_modules/grunt-contrib-connect/package.json
87 verbose targetResolver reading package data from /Users/jamesgeorge/projects/ray-ui/node_modules/grunt-contrib-copy/package.json
88 verbose targetResolver reading package data from /Users/jamesgeorge/projects/ray-ui/node_modules/grunt-eslint/package.json
89 verbose targetResolver reading package data from /Users/jamesgeorge/projects/ray-ui/node_modules/grunt-karma/package.json
90 verbose targetResolver reading package data from /Users/jamesgeorge/projects/ray-ui/node_modules/grunt-open/package.json
91 verbose targetResolver reading package data from /Users/jamesgeorge/projects/ray-ui/node_modules/grunt-webpack/package.json
92 verbose targetResolver reading package data from /Users/jamesgeorge/projects/ray-ui/node_modules/istanbul/package.json
93 verbose targetResolver reading package data from /Users/jamesgeorge/projects/ray-ui/node_modules/istanbul-instrumenter-loader/package.json
94 verbose targetResolver reading package data from /Users/jamesgeorge/projects/ray-ui/node_modules/jasmine-core/package.json
95 verbose targetResolver reading package data from /Users/jamesgeorge/projects/ray-ui/node_modules/jquery/package.json
96 verbose targetResolver reading package data from /Users/jamesgeorge/projects/ray-ui/node_modules/jsx-loader/package.json
97 verbose targetResolver reading package data from /Users/jamesgeorge/projects/ray-ui/node_modules/karma/package.json
98 verbose targetResolver reading package data from /Users/jamesgeorge/projects/ray-ui/node_modules/karma-chrome-launcher/package.json
99 verbose targetResolver reading package data from /Users/jamesgeorge/projects/ray-ui/node_modules/karma-coverage/package.json
100 verbose targetResolver reading package data from /Users/jamesgeorge/projects/ray-ui/node_modules/karma-firefox-launcher/package.json
101 verbose targetResolver reading package data from /Users/jamesgeorge/projects/ray-ui/node_modules/karma-jasmine/package.json
102 verbose targetResolver reading package data from /Users/jamesgeorge/projects/ray-ui/node_modules/karma-phantomjs-launcher/package.json
103 verbose targetResolver reading package data from /Users/jamesgeorge/projects/ray-ui/node_modules/karma-script-launcher/package.json
104 verbose targetResolver reading package data from /Users/jamesgeorge/projects/ray-ui/node_modules/karma-webpack/package.json
105 verbose targetResolver reading package data from /Users/jamesgeorge/projects/ray-ui/node_modules/load-grunt-tasks/package.json
106 verbose targetResolver reading package data from /Users/jamesgeorge/projects/ray-ui/node_modules/lodash/package.json
107 verbose targetResolver reading package data from /Users/jamesgeorge/projects/ray-ui/node_modules/merge/package.json
108 verbose targetResolver reading package data from /Users/jamesgeorge/projects/ray-ui/node_modules/moment/package.json
109 verbose targetResolver reading package data from /Users/jamesgeorge/projects/ray-ui/node_modules/mute-stream/package.json
110 verbose targetResolver reading package data from /Users/jamesgeorge/projects/ray-ui/node_modules/node-sass/package.json
111 verbose targetResolver reading package data from /Users/jamesgeorge/projects/ray-ui/node_modules/nuance-form-controls/package.json
112 verbose targetResolver reading package data from /Users/jamesgeorge/projects/ray-ui/node_modules/q/package.json
113 verbose targetResolver reading package data from /Users/jamesgeorge/projects/ray-ui/node_modules/react/package.json
114 verbose targetResolver reading package data from /Users/jamesgeorge/projects/ray-ui/node_modules/react-hot-loader/package.json
115 verbose targetResolver reading package data from /Users/jamesgeorge/projects/ray-ui/node_modules/react-router/package.json
116 verbose targetResolver reading package data from /Users/jamesgeorge/projects/ray-ui/node_modules/react-tools/package.json
117 verbose targetResolver reading package data from /Users/jamesgeorge/projects/ray-ui/node_modules/sass-loader/package.json
118 verbose targetResolver reading package data from /Users/jamesgeorge/projects/ray-ui/node_modules/style-loader/package.json
119 verbose targetResolver reading package data from /Users/jamesgeorge/projects/ray-ui/node_modules/underscore/package.json
120 verbose targetResolver reading package data from /Users/jamesgeorge/projects/ray-ui/node_modules/url-loader/package.json
121 verbose targetResolver reading package data from /Users/jamesgeorge/projects/ray-ui/node_modules/webpack/package.json
122 verbose targetResolver reading package data from /Users/jamesgeorge/projects/ray-ui/node_modules/webpack-dev-server/package.json
123 verbose targetResolver reading package data from /Users/jamesgeorge/projects/ray-ui/node_modules/.bin/eslint/package.json
124 verbose targetResolver reading package data from /Users/jamesgeorge/projects/ray-ui/node_modules/.bin/grunt-open/package.json
125 verbose targetResolver reading package data from /Users/jamesgeorge/projects/ray-ui/node_modules/.bin/istanbul/package.json
126 verbose targetResolver reading package data from /Users/jamesgeorge/projects/ray-ui/node_modules/.bin/jsx/package.json
127 verbose targetResolver reading package data from /Users/jamesgeorge/projects/ray-ui/node_modules/.bin/karma/package.json
128 verbose targetResolver reading package data from /Users/jamesgeorge/projects/ray-ui/node_modules/.bin/node-sass/package.json
129 verbose targetResolver reading package data from /Users/jamesgeorge/projects/ray-ui/node_modules/.bin/webpack/package.json
130 verbose targetResolver reading package data from /Users/jamesgeorge/projects/ray-ui/node_modules/.bin/webpack-dev-server/package.json
131 verbose already installed skipping grunt-contrib-connect@~0.8.0 /Users/jamesgeorge/projects/ray-ui
132 verbose already installed skipping grunt-contrib-copy@~0.5.0 /Users/jamesgeorge/projects/ray-ui
133 verbose already installed skipping grunt-open@~0.2.3 /Users/jamesgeorge/projects/ray-ui
134 verbose already installed skipping grunt-eslint@^16.0.0 /Users/jamesgeorge/projects/ray-ui
135 verbose already installed skipping grunt-webpack@~1.0.8 /Users/jamesgeorge/projects/ray-ui
136 verbose already installed skipping grunt-karma@~0.8.3 /Users/jamesgeorge/projects/ray-ui
137 verbose already installed skipping istanbul@^0.3.17 /Users/jamesgeorge/projects/ray-ui
138 verbose already installed skipping istanbul-instrumenter-loader@^0.1.3 /Users/jamesgeorge/projects/ray-ui
139 verbose already installed skipping jasmine-core@^2.3.4 /Users/jamesgeorge/projects/ray-ui
140 verbose already installed skipping jsx-loader@^0.13.2 /Users/jamesgeorge/projects/ray-ui
141 verbose already installed skipping karma@^0.12.37 /Users/jamesgeorge/projects/ray-ui
142 verbose already installed skipping karma-chrome-launcher@~0.1.4 /Users/jamesgeorge/projects/ray-ui
143 verbose already installed skipping karma-coverage@^0.3.1 /Users/jamesgeorge/projects/ray-ui
144 verbose already installed skipping karma-firefox-launcher@~0.1.3 /Users/jamesgeorge/projects/ray-ui
145 verbose already installed skipping karma-jasmine@^0.3.6 /Users/jamesgeorge/projects/ray-ui
146 verbose already installed skipping karma-phantomjs-launcher@~0.1.3 /Users/jamesgeorge/projects/ray-ui
147 verbose already installed skipping karma-script-launcher@~0.1.0 /Users/jamesgeorge/projects/ray-ui
148 verbose already installed skipping karma-webpack@~1.2.2 /Users/jamesgeorge/projects/ray-ui
149 verbose already installed skipping load-grunt-tasks@~0.6.0 /Users/jamesgeorge/projects/ray-ui
150 verbose already installed skipping lodash@^3.10.0 /Users/jamesgeorge/projects/ray-ui
151 verbose already installed skipping mute-stream@0.0.5 /Users/jamesgeorge/projects/ray-ui
152 verbose already installed skipping react-hot-loader@~1.2.7 /Users/jamesgeorge/projects/ray-ui
153 verbose already installed skipping react-tools@~0.13.3 /Users/jamesgeorge/projects/ray-ui
154 verbose already installed skipping sass-loader@~1.0.0 /Users/jamesgeorge/projects/ray-ui
155 verbose already installed skipping style-loader@~0.8.2 /Users/jamesgeorge/projects/ray-ui
156 verbose already installed skipping url-loader@~0.5.5 /Users/jamesgeorge/projects/ray-ui
157 verbose already installed skipping webpack-dev-server@~1.6.5 /Users/jamesgeorge/projects/ray-ui
158 verbose already installed skipping webpack@~1.4.3 /Users/jamesgeorge/projects/ray-ui
159 verbose already installed skipping node-sass@^3.1.0 /Users/jamesgeorge/projects/ray-ui
160 verbose already installed skipping font-awesome@^4.3.0 /Users/jamesgeorge/projects/ray-ui
161 verbose already installed skipping backbone@^1.2.1 /Users/jamesgeorge/projects/ray-ui
162 verbose already installed skipping bootstrap-sass@^3.3.5 /Users/jamesgeorge/projects/ray-ui
163 verbose already installed skipping jquery@^2.1.4 /Users/jamesgeorge/projects/ray-ui
164 verbose already installed skipping moment@^2.10.3 /Users/jamesgeorge/projects/ray-ui
165 verbose already installed skipping merge@^1.2.0 /Users/jamesgeorge/projects/ray-ui
166 silly cache add args [ 'nuance-form-controls@git+ssh://git@git.labs.nuance.com:react-components/react-form-controls#master',
166 silly cache add   null ]
167 verbose cache add spec nuance-form-controls@git+ssh://git@git.labs.nuance.com:react-components/react-form-controls#master
168 verbose already installed skipping react@~0.13.3 /Users/jamesgeorge/projects/ray-ui
169 silly cache add parsed spec { raw: 'nuance-form-controls@git+ssh://git@git.labs.nuance.com:react-components/react-form-controls#master',
169 silly cache add   scope: null,
169 silly cache add   name: 'nuance-form-controls',
169 silly cache add   rawSpec: 'git+ssh://git@git.labs.nuance.com:react-components/react-form-controls#master',
169 silly cache add   spec: 'ssh://git@git.labs.nuance.com:react-components/react-form-controls#master',
169 silly cache add   type: 'git' }
170 verbose addRemoteGit caching git+ssh://git@git.labs.nuance.com:react-components/react-form-controls#master
171 silly tryClone cloning git+ssh://git@git.labs.nuance.com:react-components/react-form-controls#master via git+ssh://git@git.labs.nuance.com:react-components/react-form-controls#master
172 verbose tryClone git-git-labs-nuance-com-react-components-react-form-controls-190e90e2 not in flight; caching
173 verbose already installed skipping q@^1.4.1 /Users/jamesgeorge/projects/ray-ui
174 verbose already installed skipping react-router@~0.13.3 /Users/jamesgeorge/projects/ray-ui
175 verbose already installed skipping underscore@^1.8.3 /Users/jamesgeorge/projects/ray-ui
176 verbose already installed skipping css-loader@~0.9.0 /Users/jamesgeorge/projects/ray-ui
177 verbose already installed skipping eslint@^0.24.0 /Users/jamesgeorge/projects/ray-ui
178 info git [ 'config', '--get', 'remote.origin.url' ]
179 verbose already installed skipping eslint-plugin-react@^2.6.4 /Users/jamesgeorge/projects/ray-ui
180 verbose already installed skipping grunt@~0.4.5 /Users/jamesgeorge/projects/ray-ui
181 verbose already installed skipping grunt-contrib-clean@~0.6.0 /Users/jamesgeorge/projects/ray-ui
182 silly validateExistingRemote git+ssh://git@git.labs.nuance.com:react-components/react-form-controls#master remote.origin.url: git@git.labs.nuance.com:react-components/react-form-controls
183 verbose validateExistingRemote git+ssh://git@git.labs.nuance.com:react-components/react-form-controls#master is updating existing cached remote /Users/jamesgeorge/.npm/_git-remotes/git-git-labs-nuance-com-react-components-react-form-controls-190e90e2
184 info git [ 'fetch', '-a', 'origin' ]
185 error git fetch -a origin (git@git.labs.nuance.com:react-components/react-form-controls) ssh: Could not resolve hostname git.labs.nuance.com: nodename nor servname provided, or not known
185 error git fetch -a origin (git@git.labs.nuance.com:react-components/react-form-controls) fatal: Could not read from remote repository.
185 error git fetch -a origin (git@git.labs.nuance.com:react-components/react-form-controls)
185 error git fetch -a origin (git@git.labs.nuance.com:react-components/react-form-controls) Please make sure you have the correct access rights
185 error git fetch -a origin (git@git.labs.nuance.com:react-components/react-form-controls) and the repository exists.
186 verbose stack Error: Command failed: ssh: Could not resolve hostname git.labs.nuance.com: nodename nor servname provided, or not known
186 verbose stack fatal: Could not read from remote repository.
186 verbose stack
186 verbose stack Please make sure you have the correct access rights
186 verbose stack and the repository exists.
186 verbose stack
186 verbose stack     at ChildProcess.exithandler (child_process.js:637:15)
186 verbose stack     at ChildProcess.EventEmitter.emit (events.js:98:17)
186 verbose stack     at maybeClose (child_process.js:743:16)
186 verbose stack     at Socket.<anonymous> (child_process.js:956:11)
186 verbose stack     at Socket.EventEmitter.emit (events.js:95:17)
186 verbose stack     at Pipe.close (net.js:466:12)
187 verbose cwd /Users/jamesgeorge/projects/ray-ui
188 error Darwin 14.1.0
189 error argv "node" "/usr/local/bin/npm" "install"
190 error node v0.10.25
191 error npm  v2.13.0
192 error code 128
193 error Command failed: ssh: Could not resolve hostname git.labs.nuance.com: nodename nor servname provided, or not known
193 error fatal: Could not read from remote repository.
193 error
193 error Please make sure you have the correct access rights
193 error and the repository exists.
194 error If you need help, you may report this error at:
194 error     <https://github.com/npm/npm/issues>
195 verbose exit [ 1, true ]
