[__main__] 2017-04-29 21:05:47,357 INFO __main__:39: Settings: {'autoreload': True, 'debug': True}
[__main__] 2017-04-29 21:05:47,360 INFO __main__:43: Server started
[__main__] 2017-04-29 21:12:47,428 INFO __main__:39: Settings: {'debug': True, 'autoreload': True}
[__main__] 2017-04-29 21:12:47,432 INFO __main__:43: Server started
[tornado.general] 2017-04-29 21:13:34,435 INFO autoreload:198: /app/app/__main__.py modified; restarting server
[__main__] 2017-04-29 21:13:35,133 INFO __main__:39: Settings: {'autoreload': True, 'debug': True}
[__main__] 2017-04-29 21:26:35,182 INFO __main__:43: Settings: {'autoreload': True, 'debug': True}
[__main__] 2017-04-29 21:38:09,870 INFO __main__:43: Settings: {'debug': True, 'autoreload': True}
[__main__] 2017-04-29 21:38:10,246 INFO __main__:56: Server started
[tornado.general] 2017-04-29 21:40:42,256 INFO autoreload:198: /app/app/__main__.py modified; restarting server
[__main__] 2017-04-29 21:40:43,243 INFO __main__:43: Settings: {'autoreload': True, 'debug': True}
[__main__] 2017-04-29 21:48:40,417 INFO __main__:44: Settings: {'autoreload': True, 'debug': True}
[__main__] 2017-04-29 22:18:48,829 INFO __main__:45: Settings: {'debug': True, 'autoreload': True}
[sqlalchemy.engine.base.Engine] 2017-04-29 22:18:49,244 INFO log:109: select version()
[sqlalchemy.engine.base.Engine] 2017-04-29 22:18:49,248 INFO log:109: {}
[sqlalchemy.engine.base.Engine] 2017-04-29 22:18:49,275 INFO log:109: select current_schema()
[sqlalchemy.engine.base.Engine] 2017-04-29 22:18:49,300 INFO log:109: {}
[sqlalchemy.engine.base.Engine] 2017-04-29 22:18:49,309 INFO log:109: SELECT CAST('test plain returns' AS VARCHAR(60)) AS anon_1
[sqlalchemy.engine.base.Engine] 2017-04-29 22:18:49,315 INFO log:109: {}
[sqlalchemy.engine.base.Engine] 2017-04-29 22:18:49,340 INFO log:109: SELECT CAST('test unicode returns' AS VARCHAR(60)) AS anon_1
[sqlalchemy.engine.base.Engine] 2017-04-29 22:18:49,350 INFO log:109: {}
[sqlalchemy.engine.base.Engine] 2017-04-29 22:18:49,369 INFO log:109: show standard_conforming_strings
[sqlalchemy.engine.base.Engine] 2017-04-29 22:18:49,374 INFO log:109: {}
[sqlalchemy.engine.base.Engine] 2017-04-29 22:18:49,408 INFO log:109: select relname from pg_class c join pg_namespace n on n.oid=c.relnamespace where pg_catalog.pg_table_is_visible(c.oid) and relname=%(name)s
[sqlalchemy.engine.base.Engine] 2017-04-29 22:18:49,412 INFO log:109: {'name': 'draft'}
[sqlalchemy.engine.base.Engine] 2017-04-29 22:18:49,458 INFO log:109: select relname from pg_class c join pg_namespace n on n.oid=c.relnamespace where pg_catalog.pg_table_is_visible(c.oid) and relname=%(name)s
[sqlalchemy.engine.base.Engine] 2017-04-29 22:18:49,459 INFO log:109: {'name': 'player'}
[sqlalchemy.engine.base.Engine] 2017-04-29 22:18:49,472 INFO log:109: select relname from pg_class c join pg_namespace n on n.oid=c.relnamespace where pg_catalog.pg_table_is_visible(c.oid) and relname=%(name)s
[sqlalchemy.engine.base.Engine] 2017-04-29 22:18:49,474 INFO log:109: {'name': 'team'}
[sqlalchemy.engine.base.Engine] 2017-04-29 22:18:49,486 INFO log:109: 
CREATE TABLE draft (
	id SERIAL NOT NULL, 
	name VARCHAR(128), 
	round INTEGER, 
	PRIMARY KEY (id)
)


[sqlalchemy.engine.base.Engine] 2017-04-29 22:18:49,489 INFO log:109: {}
[sqlalchemy.engine.base.Engine] 2017-04-29 22:18:49,864 INFO log:109: COMMIT
[sqlalchemy.engine.base.Engine] 2017-04-29 22:18:49,875 INFO log:109: 
CREATE TABLE team (
	id SERIAL NOT NULL, 
	name VARCHAR(128), 
	money INTEGER, 
	is_owner BOOLEAN, 
	is_turn BOOLEAN, 
	"order" INTEGER, 
	draft_id INTEGER, 
	PRIMARY KEY (id), 
	FOREIGN KEY(draft_id) REFERENCES draft (id)
)


[sqlalchemy.engine.base.Engine] 2017-04-29 22:18:49,876 INFO log:109: {}
[sqlalchemy.engine.base.Engine] 2017-04-29 22:18:50,013 INFO log:109: COMMIT
[sqlalchemy.engine.base.Engine] 2017-04-29 22:18:50,019 INFO log:109: 
CREATE TABLE player (
	id SERIAL NOT NULL, 
	paid_price INTEGER, 
	bench BOOLEAN, 
	core_id INTEGER, 
	draft_id INTEGER, 
	team_id INTEGER, 
	PRIMARY KEY (id), 
	FOREIGN KEY(draft_id) REFERENCES draft (id), 
	FOREIGN KEY(team_id) REFERENCES team (id)
)


[sqlalchemy.engine.base.Engine] 2017-04-29 22:18:50,021 INFO log:109: {}
[sqlalchemy.engine.base.Engine] 2017-04-29 22:18:50,054 INFO log:109: COMMIT
[__main__] 2017-04-29 22:18:50,076 INFO __main__:63: Server started
[tornado.application] 2017-04-29 22:19:27,128 ERROR web:1590: Uncaught exception GET /drafts (172.26.0.2)
HTTPServerRequest(protocol='http', host='drafts', method='GET', uri='/drafts', version='HTTP/1.1', remote_ip='172.26.0.2', headers={'Host': 'drafts', 'Accept-Encoding': 'gzip', 'Connection': 'close'})
Traceback (most recent call last):
  File "/usr/local/lib/python3.5/site-packages/tornado/web.py", line 1509, in _execute
    result = method(*self.path_args, **self.path_kwargs)
  File "/app/app/handlers.py", line 34, in get
    drafts = self.db.query(Draft).all()
NameError: name 'Draft' is not defined
[tornado.access] 2017-04-29 22:19:27,144 ERROR web:2063: 500 GET /drafts (172.26.0.2) 16.78ms
[tornado.general] 2017-04-29 22:20:16,585 INFO autoreload:198: /app/app/handlers.py modified; restarting server
[__main__] 2017-04-29 22:20:17,361 INFO __main__:45: Settings: {'debug': True, 'autoreload': True}
[sqlalchemy.engine.base.Engine] 2017-04-29 22:20:17,490 INFO log:109: select version()
[sqlalchemy.engine.base.Engine] 2017-04-29 22:20:17,491 INFO log:109: {}
[sqlalchemy.engine.base.Engine] 2017-04-29 22:20:17,495 INFO log:109: select current_schema()
[sqlalchemy.engine.base.Engine] 2017-04-29 22:20:17,496 INFO log:109: {}
[sqlalchemy.engine.base.Engine] 2017-04-29 22:20:17,577 INFO log:109: SELECT CAST('test plain returns' AS VARCHAR(60)) AS anon_1
[sqlalchemy.engine.base.Engine] 2017-04-29 22:20:17,582 INFO log:109: {}
[sqlalchemy.engine.base.Engine] 2017-04-29 22:20:17,594 INFO log:109: SELECT CAST('test unicode returns' AS VARCHAR(60)) AS anon_1
[sqlalchemy.engine.base.Engine] 2017-04-29 22:20:17,596 INFO log:109: {}
[sqlalchemy.engine.base.Engine] 2017-04-29 22:20:17,607 INFO log:109: show standard_conforming_strings
[sqlalchemy.engine.base.Engine] 2017-04-29 22:20:17,609 INFO log:109: {}
[sqlalchemy.engine.base.Engine] 2017-04-29 22:20:17,616 INFO log:109: select relname from pg_class c join pg_namespace n on n.oid=c.relnamespace where pg_catalog.pg_table_is_visible(c.oid) and relname=%(name)s
[sqlalchemy.engine.base.Engine] 2017-04-29 22:20:17,618 INFO log:109: {'name': 'player'}
[sqlalchemy.engine.base.Engine] 2017-04-29 22:20:17,650 INFO log:109: select relname from pg_class c join pg_namespace n on n.oid=c.relnamespace where pg_catalog.pg_table_is_visible(c.oid) and relname=%(name)s
[sqlalchemy.engine.base.Engine] 2017-04-29 22:20:17,653 INFO log:109: {'name': 'team'}
[sqlalchemy.engine.base.Engine] 2017-04-29 22:20:17,663 INFO log:109: select relname from pg_class c join pg_namespace n on n.oid=c.relnamespace where pg_catalog.pg_table_is_visible(c.oid) and relname=%(name)s
[sqlalchemy.engine.base.Engine] 2017-04-29 22:20:17,664 INFO log:109: {'name': 'draft'}
[__main__] 2017-04-29 22:20:17,703 INFO __main__:63: Server started
[sqlalchemy.engine.base.Engine] 2017-04-29 22:20:21,145 INFO log:109: BEGIN (implicit)
[sqlalchemy.engine.base.Engine] 2017-04-29 22:20:21,151 INFO log:109: SELECT draft.id AS draft_id, draft.name AS draft_name, draft.round AS draft_round 
FROM draft
[sqlalchemy.engine.base.Engine] 2017-04-29 22:20:21,152 INFO log:109: {}
[tornado.access] 2017-04-29 22:20:21,164 INFO web:2063: 200 GET /drafts (172.26.0.2) 68.43ms
[tornado.general] 2017-04-29 22:22:10,212 INFO autoreload:198: /app/app/handlers.py modified; restarting server
[__main__] 2017-04-29 22:22:11,237 INFO __main__:45: Settings: {'debug': True, 'autoreload': True}
[sqlalchemy.engine.base.Engine] 2017-04-29 22:22:11,333 INFO log:109: select version()
[sqlalchemy.engine.base.Engine] 2017-04-29 22:22:11,333 INFO log:109: {}
[sqlalchemy.engine.base.Engine] 2017-04-29 22:22:11,336 INFO log:109: select current_schema()
[sqlalchemy.engine.base.Engine] 2017-04-29 22:22:11,337 INFO log:109: {}
[sqlalchemy.engine.base.Engine] 2017-04-29 22:22:11,341 INFO log:109: SELECT CAST('test plain returns' AS VARCHAR(60)) AS anon_1
[sqlalchemy.engine.base.Engine] 2017-04-29 22:22:11,342 INFO log:109: {}
[sqlalchemy.engine.base.Engine] 2017-04-29 22:22:11,345 INFO log:109: SELECT CAST('test unicode returns' AS VARCHAR(60)) AS anon_1
[sqlalchemy.engine.base.Engine] 2017-04-29 22:22:11,346 INFO log:109: {}
[sqlalchemy.engine.base.Engine] 2017-04-29 22:22:11,348 INFO log:109: show standard_conforming_strings
[sqlalchemy.engine.base.Engine] 2017-04-29 22:22:11,348 INFO log:109: {}
[sqlalchemy.engine.base.Engine] 2017-04-29 22:22:11,350 INFO log:109: select relname from pg_class c join pg_namespace n on n.oid=c.relnamespace where pg_catalog.pg_table_is_visible(c.oid) and relname=%(name)s
[sqlalchemy.engine.base.Engine] 2017-04-29 22:22:11,351 INFO log:109: {'name': 'player'}
[sqlalchemy.engine.base.Engine] 2017-04-29 22:22:11,360 INFO log:109: select relname from pg_class c join pg_namespace n on n.oid=c.relnamespace where pg_catalog.pg_table_is_visible(c.oid) and relname=%(name)s
[sqlalchemy.engine.base.Engine] 2017-04-29 22:22:11,362 INFO log:109: {'name': 'draft'}
[sqlalchemy.engine.base.Engine] 2017-04-29 22:22:11,369 INFO log:109: select relname from pg_class c join pg_namespace n on n.oid=c.relnamespace where pg_catalog.pg_table_is_visible(c.oid) and relname=%(name)s
[sqlalchemy.engine.base.Engine] 2017-04-29 22:22:11,369 INFO log:109: {'name': 'team'}
[__main__] 2017-04-29 22:22:11,391 INFO __main__:63: Server started
[tornado.general] 2017-04-29 22:22:42,902 INFO autoreload:198: /app/app/handlers.py modified; restarting server
[__main__] 2017-04-29 22:22:43,912 INFO __main__:45: Settings: {'autoreload': True, 'debug': True}
[sqlalchemy.engine.base.Engine] 2017-04-29 22:22:44,099 INFO log:109: select version()
[sqlalchemy.engine.base.Engine] 2017-04-29 22:22:44,100 INFO log:109: {}
[sqlalchemy.engine.base.Engine] 2017-04-29 22:22:44,103 INFO log:109: select current_schema()
[sqlalchemy.engine.base.Engine] 2017-04-29 22:22:44,106 INFO log:109: {}
[sqlalchemy.engine.base.Engine] 2017-04-29 22:22:44,112 INFO log:109: SELECT CAST('test plain returns' AS VARCHAR(60)) AS anon_1
[sqlalchemy.engine.base.Engine] 2017-04-29 22:22:44,113 INFO log:109: {}
[sqlalchemy.engine.base.Engine] 2017-04-29 22:22:44,114 INFO log:109: SELECT CAST('test unicode returns' AS VARCHAR(60)) AS anon_1
[sqlalchemy.engine.base.Engine] 2017-04-29 22:22:44,115 INFO log:109: {}
[sqlalchemy.engine.base.Engine] 2017-04-29 22:22:44,116 INFO log:109: show standard_conforming_strings
[sqlalchemy.engine.base.Engine] 2017-04-29 22:22:44,116 INFO log:109: {}
[sqlalchemy.engine.base.Engine] 2017-04-29 22:22:44,118 INFO log:109: select relname from pg_class c join pg_namespace n on n.oid=c.relnamespace where pg_catalog.pg_table_is_visible(c.oid) and relname=%(name)s
[sqlalchemy.engine.base.Engine] 2017-04-29 22:22:44,119 INFO log:109: {'name': 'draft'}
[sqlalchemy.engine.base.Engine] 2017-04-29 22:22:44,131 INFO log:109: select relname from pg_class c join pg_namespace n on n.oid=c.relnamespace where pg_catalog.pg_table_is_visible(c.oid) and relname=%(name)s
[sqlalchemy.engine.base.Engine] 2017-04-29 22:22:44,132 INFO log:109: {'name': 'player'}
[sqlalchemy.engine.base.Engine] 2017-04-29 22:22:44,139 INFO log:109: select relname from pg_class c join pg_namespace n on n.oid=c.relnamespace where pg_catalog.pg_table_is_visible(c.oid) and relname=%(name)s
[sqlalchemy.engine.base.Engine] 2017-04-29 22:22:44,140 INFO log:109: {'name': 'team'}
[__main__] 2017-04-29 22:22:44,157 INFO __main__:63: Server started
[tornado.general] 2017-04-29 22:23:17,161 INFO autoreload:198: /app/app/handlers.py modified; restarting server
[__main__] 2017-04-29 22:23:18,914 INFO __main__:45: Settings: {'autoreload': True, 'debug': True}
[sqlalchemy.engine.base.Engine] 2017-04-29 22:23:19,007 INFO log:109: select version()
[sqlalchemy.engine.base.Engine] 2017-04-29 22:23:19,009 INFO log:109: {}
[sqlalchemy.engine.base.Engine] 2017-04-29 22:23:19,014 INFO log:109: select current_schema()
[sqlalchemy.engine.base.Engine] 2017-04-29 22:23:19,018 INFO log:109: {}
[sqlalchemy.engine.base.Engine] 2017-04-29 22:23:19,022 INFO log:109: SELECT CAST('test plain returns' AS VARCHAR(60)) AS anon_1
[sqlalchemy.engine.base.Engine] 2017-04-29 22:23:19,023 INFO log:109: {}
[sqlalchemy.engine.base.Engine] 2017-04-29 22:23:19,025 INFO log:109: SELECT CAST('test unicode returns' AS VARCHAR(60)) AS anon_1
[sqlalchemy.engine.base.Engine] 2017-04-29 22:23:19,026 INFO log:109: {}
[sqlalchemy.engine.base.Engine] 2017-04-29 22:23:19,027 INFO log:109: show standard_conforming_strings
[sqlalchemy.engine.base.Engine] 2017-04-29 22:23:19,028 INFO log:109: {}
[sqlalchemy.engine.base.Engine] 2017-04-29 22:23:19,030 INFO log:109: select relname from pg_class c join pg_namespace n on n.oid=c.relnamespace where pg_catalog.pg_table_is_visible(c.oid) and relname=%(name)s
[sqlalchemy.engine.base.Engine] 2017-04-29 22:23:19,031 INFO log:109: {'name': 'team'}
[sqlalchemy.engine.base.Engine] 2017-04-29 22:23:19,040 INFO log:109: select relname from pg_class c join pg_namespace n on n.oid=c.relnamespace where pg_catalog.pg_table_is_visible(c.oid) and relname=%(name)s
[sqlalchemy.engine.base.Engine] 2017-04-29 22:23:19,042 INFO log:109: {'name': 'player'}
[sqlalchemy.engine.base.Engine] 2017-04-29 22:23:19,047 INFO log:109: select relname from pg_class c join pg_namespace n on n.oid=c.relnamespace where pg_catalog.pg_table_is_visible(c.oid) and relname=%(name)s
[sqlalchemy.engine.base.Engine] 2017-04-29 22:23:19,049 INFO log:109: {'name': 'draft'}
[__main__] 2017-04-29 22:23:19,071 INFO __main__:63: Server started
[tornado.general] 2017-04-29 22:25:08,086 INFO autoreload:198: /app/app/handlers.py modified; restarting server
[__main__] 2017-04-29 22:25:09,337 INFO __main__:45: Settings: {'autoreload': True, 'debug': True}
[sqlalchemy.engine.base.Engine] 2017-04-29 22:25:09,474 INFO log:109: select version()
[sqlalchemy.engine.base.Engine] 2017-04-29 22:25:09,475 INFO log:109: {}
[sqlalchemy.engine.base.Engine] 2017-04-29 22:25:09,478 INFO log:109: select current_schema()
[sqlalchemy.engine.base.Engine] 2017-04-29 22:25:09,479 INFO log:109: {}
[sqlalchemy.engine.base.Engine] 2017-04-29 22:25:09,482 INFO log:109: SELECT CAST('test plain returns' AS VARCHAR(60)) AS anon_1
[sqlalchemy.engine.base.Engine] 2017-04-29 22:25:09,483 INFO log:109: {}
[sqlalchemy.engine.base.Engine] 2017-04-29 22:25:09,484 INFO log:109: SELECT CAST('test unicode returns' AS VARCHAR(60)) AS anon_1
[sqlalchemy.engine.base.Engine] 2017-04-29 22:25:09,485 INFO log:109: {}
[sqlalchemy.engine.base.Engine] 2017-04-29 22:25:09,487 INFO log:109: show standard_conforming_strings
[sqlalchemy.engine.base.Engine] 2017-04-29 22:25:09,487 INFO log:109: {}
[sqlalchemy.engine.base.Engine] 2017-04-29 22:25:09,489 INFO log:109: select relname from pg_class c join pg_namespace n on n.oid=c.relnamespace where pg_catalog.pg_table_is_visible(c.oid) and relname=%(name)s
[sqlalchemy.engine.base.Engine] 2017-04-29 22:25:09,490 INFO log:109: {'name': 'team'}
[sqlalchemy.engine.base.Engine] 2017-04-29 22:25:09,499 INFO log:109: select relname from pg_class c join pg_namespace n on n.oid=c.relnamespace where pg_catalog.pg_table_is_visible(c.oid) and relname=%(name)s
[sqlalchemy.engine.base.Engine] 2017-04-29 22:25:09,500 INFO log:109: {'name': 'draft'}
[sqlalchemy.engine.base.Engine] 2017-04-29 22:25:09,509 INFO log:109: select relname from pg_class c join pg_namespace n on n.oid=c.relnamespace where pg_catalog.pg_table_is_visible(c.oid) and relname=%(name)s
[sqlalchemy.engine.base.Engine] 2017-04-29 22:25:09,510 INFO log:109: {'name': 'player'}
[__main__] 2017-04-29 22:25:09,528 INFO __main__:63: Server started
[tornado.general] 2017-04-29 22:26:04,045 INFO autoreload:198: /app/app/handlers.py modified; restarting server
[__main__] 2017-04-29 22:26:05,165 INFO __main__:45: Settings: {'debug': True, 'autoreload': True}
[sqlalchemy.engine.base.Engine] 2017-04-29 22:26:05,268 INFO log:109: select version()
[sqlalchemy.engine.base.Engine] 2017-04-29 22:26:05,270 INFO log:109: {}
[sqlalchemy.engine.base.Engine] 2017-04-29 22:26:05,275 INFO log:109: select current_schema()
[sqlalchemy.engine.base.Engine] 2017-04-29 22:26:05,275 INFO log:109: {}
[sqlalchemy.engine.base.Engine] 2017-04-29 22:26:05,278 INFO log:109: SELECT CAST('test plain returns' AS VARCHAR(60)) AS anon_1
[sqlalchemy.engine.base.Engine] 2017-04-29 22:26:05,279 INFO log:109: {}
[sqlalchemy.engine.base.Engine] 2017-04-29 22:26:05,281 INFO log:109: SELECT CAST('test unicode returns' AS VARCHAR(60)) AS anon_1
[sqlalchemy.engine.base.Engine] 2017-04-29 22:26:05,282 INFO log:109: {}
[sqlalchemy.engine.base.Engine] 2017-04-29 22:26:05,284 INFO log:109: show standard_conforming_strings
[sqlalchemy.engine.base.Engine] 2017-04-29 22:26:05,284 INFO log:109: {}
[sqlalchemy.engine.base.Engine] 2017-04-29 22:26:05,286 INFO log:109: select relname from pg_class c join pg_namespace n on n.oid=c.relnamespace where pg_catalog.pg_table_is_visible(c.oid) and relname=%(name)s
[sqlalchemy.engine.base.Engine] 2017-04-29 22:26:05,287 INFO log:109: {'name': 'team'}
[sqlalchemy.engine.base.Engine] 2017-04-29 22:26:05,297 INFO log:109: select relname from pg_class c join pg_namespace n on n.oid=c.relnamespace where pg_catalog.pg_table_is_visible(c.oid) and relname=%(name)s
[sqlalchemy.engine.base.Engine] 2017-04-29 22:26:05,298 INFO log:109: {'name': 'player'}
[sqlalchemy.engine.base.Engine] 2017-04-29 22:26:05,304 INFO log:109: select relname from pg_class c join pg_namespace n on n.oid=c.relnamespace where pg_catalog.pg_table_is_visible(c.oid) and relname=%(name)s
[sqlalchemy.engine.base.Engine] 2017-04-29 22:26:05,305 INFO log:109: {'name': 'draft'}
[__main__] 2017-04-29 22:26:05,320 INFO __main__:63: Server started
[tornado.general] 2017-04-29 22:26:20,830 INFO autoreload:198: /app/app/handlers.py modified; restarting server
[__main__] 2017-04-29 22:26:21,880 INFO __main__:45: Settings: {'debug': True, 'autoreload': True}
[sqlalchemy.engine.base.Engine] 2017-04-29 22:26:21,958 INFO log:109: select version()
[sqlalchemy.engine.base.Engine] 2017-04-29 22:26:21,959 INFO log:109: {}
[sqlalchemy.engine.base.Engine] 2017-04-29 22:26:21,963 INFO log:109: select current_schema()
[sqlalchemy.engine.base.Engine] 2017-04-29 22:26:21,964 INFO log:109: {}
[sqlalchemy.engine.base.Engine] 2017-04-29 22:26:21,967 INFO log:109: SELECT CAST('test plain returns' AS VARCHAR(60)) AS anon_1
[sqlalchemy.engine.base.Engine] 2017-04-29 22:26:21,967 INFO log:109: {}
[sqlalchemy.engine.base.Engine] 2017-04-29 22:26:21,969 INFO log:109: SELECT CAST('test unicode returns' AS VARCHAR(60)) AS anon_1
[sqlalchemy.engine.base.Engine] 2017-04-29 22:26:21,970 INFO log:109: {}
[sqlalchemy.engine.base.Engine] 2017-04-29 22:26:21,971 INFO log:109: show standard_conforming_strings
[sqlalchemy.engine.base.Engine] 2017-04-29 22:26:21,972 INFO log:109: {}
[sqlalchemy.engine.base.Engine] 2017-04-29 22:26:21,975 INFO log:109: select relname from pg_class c join pg_namespace n on n.oid=c.relnamespace where pg_catalog.pg_table_is_visible(c.oid) and relname=%(name)s
[sqlalchemy.engine.base.Engine] 2017-04-29 22:26:21,976 INFO log:109: {'name': 'team'}
[sqlalchemy.engine.base.Engine] 2017-04-29 22:26:21,985 INFO log:109: select relname from pg_class c join pg_namespace n on n.oid=c.relnamespace where pg_catalog.pg_table_is_visible(c.oid) and relname=%(name)s
[sqlalchemy.engine.base.Engine] 2017-04-29 22:26:21,985 INFO log:109: {'name': 'draft'}
[sqlalchemy.engine.base.Engine] 2017-04-29 22:26:21,990 INFO log:109: select relname from pg_class c join pg_namespace n on n.oid=c.relnamespace where pg_catalog.pg_table_is_visible(c.oid) and relname=%(name)s
[sqlalchemy.engine.base.Engine] 2017-04-29 22:26:21,991 INFO log:109: {'name': 'player'}
[__main__] 2017-04-29 22:26:22,005 INFO __main__:63: Server started
[tornado.general] 2017-04-29 22:26:37,042 INFO autoreload:198: /app/app/handlers.py modified; restarting server
[__main__] 2017-04-29 22:26:37,820 INFO __main__:45: Settings: {'debug': True, 'autoreload': True}
[sqlalchemy.engine.base.Engine] 2017-04-29 22:26:37,891 INFO log:109: select version()
[sqlalchemy.engine.base.Engine] 2017-04-29 22:26:37,892 INFO log:109: {}
[sqlalchemy.engine.base.Engine] 2017-04-29 22:26:37,898 INFO log:109: select current_schema()
[sqlalchemy.engine.base.Engine] 2017-04-29 22:26:37,900 INFO log:109: {}
[sqlalchemy.engine.base.Engine] 2017-04-29 22:26:37,902 INFO log:109: SELECT CAST('test plain returns' AS VARCHAR(60)) AS anon_1
[sqlalchemy.engine.base.Engine] 2017-04-29 22:26:37,903 INFO log:109: {}
[sqlalchemy.engine.base.Engine] 2017-04-29 22:26:37,904 INFO log:109: SELECT CAST('test unicode returns' AS VARCHAR(60)) AS anon_1
[sqlalchemy.engine.base.Engine] 2017-04-29 22:26:37,905 INFO log:109: {}
[sqlalchemy.engine.base.Engine] 2017-04-29 22:26:37,908 INFO log:109: show standard_conforming_strings
[sqlalchemy.engine.base.Engine] 2017-04-29 22:26:37,909 INFO log:109: {}
[sqlalchemy.engine.base.Engine] 2017-04-29 22:26:37,910 INFO log:109: select relname from pg_class c join pg_namespace n on n.oid=c.relnamespace where pg_catalog.pg_table_is_visible(c.oid) and relname=%(name)s
[sqlalchemy.engine.base.Engine] 2017-04-29 22:26:37,911 INFO log:109: {'name': 'draft'}
[sqlalchemy.engine.base.Engine] 2017-04-29 22:26:37,922 INFO log:109: select relname from pg_class c join pg_namespace n on n.oid=c.relnamespace where pg_catalog.pg_table_is_visible(c.oid) and relname=%(name)s
[sqlalchemy.engine.base.Engine] 2017-04-29 22:26:37,923 INFO log:109: {'name': 'team'}
[sqlalchemy.engine.base.Engine] 2017-04-29 22:26:37,928 INFO log:109: select relname from pg_class c join pg_namespace n on n.oid=c.relnamespace where pg_catalog.pg_table_is_visible(c.oid) and relname=%(name)s
[sqlalchemy.engine.base.Engine] 2017-04-29 22:26:37,929 INFO log:109: {'name': 'player'}
[__main__] 2017-04-29 22:26:37,943 INFO __main__:63: Server started
[tornado.general] 2017-04-29 22:31:01,949 INFO autoreload:198: /app/app/handlers.py modified; restarting server
[__main__] 2017-04-29 22:31:02,840 INFO __main__:45: Settings: {'autoreload': True, 'debug': True}
[sqlalchemy.engine.base.Engine] 2017-04-29 22:31:02,925 INFO log:109: select version()
[sqlalchemy.engine.base.Engine] 2017-04-29 22:31:02,927 INFO log:109: {}
[sqlalchemy.engine.base.Engine] 2017-04-29 22:31:02,931 INFO log:109: select current_schema()
[sqlalchemy.engine.base.Engine] 2017-04-29 22:31:02,932 INFO log:109: {}
[sqlalchemy.engine.base.Engine] 2017-04-29 22:31:02,935 INFO log:109: SELECT CAST('test plain returns' AS VARCHAR(60)) AS anon_1
[sqlalchemy.engine.base.Engine] 2017-04-29 22:31:02,936 INFO log:109: {}
[sqlalchemy.engine.base.Engine] 2017-04-29 22:31:02,938 INFO log:109: SELECT CAST('test unicode returns' AS VARCHAR(60)) AS anon_1
[sqlalchemy.engine.base.Engine] 2017-04-29 22:31:02,939 INFO log:109: {}
[sqlalchemy.engine.base.Engine] 2017-04-29 22:31:02,940 INFO log:109: show standard_conforming_strings
[sqlalchemy.engine.base.Engine] 2017-04-29 22:31:02,941 INFO log:109: {}
[sqlalchemy.engine.base.Engine] 2017-04-29 22:31:02,943 INFO log:109: select relname from pg_class c join pg_namespace n on n.oid=c.relnamespace where pg_catalog.pg_table_is_visible(c.oid) and relname=%(name)s
[sqlalchemy.engine.base.Engine] 2017-04-29 22:31:02,944 INFO log:109: {'name': 'draft'}
[sqlalchemy.engine.base.Engine] 2017-04-29 22:31:02,960 INFO log:109: select relname from pg_class c join pg_namespace n on n.oid=c.relnamespace where pg_catalog.pg_table_is_visible(c.oid) and relname=%(name)s
[sqlalchemy.engine.base.Engine] 2017-04-29 22:31:02,961 INFO log:109: {'name': 'player'}
[sqlalchemy.engine.base.Engine] 2017-04-29 22:31:02,967 INFO log:109: select relname from pg_class c join pg_namespace n on n.oid=c.relnamespace where pg_catalog.pg_table_is_visible(c.oid) and relname=%(name)s
[sqlalchemy.engine.base.Engine] 2017-04-29 22:31:02,970 INFO log:109: {'name': 'team'}
[__main__] 2017-04-29 22:31:02,994 INFO __main__:63: Server started
[tornado.general] 2017-04-29 22:32:08,520 INFO autoreload:198: /app/app/handlers.py modified; restarting server
[__main__] 2017-04-29 22:32:09,798 INFO __main__:45: Settings: {'debug': True, 'autoreload': True}
[sqlalchemy.engine.base.Engine] 2017-04-29 22:32:09,944 INFO log:109: select version()
[sqlalchemy.engine.base.Engine] 2017-04-29 22:32:09,945 INFO log:109: {}
[sqlalchemy.engine.base.Engine] 2017-04-29 22:32:09,947 INFO log:109: select current_schema()
[sqlalchemy.engine.base.Engine] 2017-04-29 22:32:09,948 INFO log:109: {}
[sqlalchemy.engine.base.Engine] 2017-04-29 22:32:09,951 INFO log:109: SELECT CAST('test plain returns' AS VARCHAR(60)) AS anon_1
[sqlalchemy.engine.base.Engine] 2017-04-29 22:32:09,951 INFO log:109: {}
[sqlalchemy.engine.base.Engine] 2017-04-29 22:32:09,953 INFO log:109: SELECT CAST('test unicode returns' AS VARCHAR(60)) AS anon_1
[sqlalchemy.engine.base.Engine] 2017-04-29 22:32:09,953 INFO log:109: {}
[sqlalchemy.engine.base.Engine] 2017-04-29 22:32:09,954 INFO log:109: show standard_conforming_strings
[sqlalchemy.engine.base.Engine] 2017-04-29 22:32:09,955 INFO log:109: {}
[sqlalchemy.engine.base.Engine] 2017-04-29 22:32:09,957 INFO log:109: select relname from pg_class c join pg_namespace n on n.oid=c.relnamespace where pg_catalog.pg_table_is_visible(c.oid) and relname=%(name)s
[sqlalchemy.engine.base.Engine] 2017-04-29 22:32:09,958 INFO log:109: {'name': 'draft'}
[sqlalchemy.engine.base.Engine] 2017-04-29 22:32:09,966 INFO log:109: select relname from pg_class c join pg_namespace n on n.oid=c.relnamespace where pg_catalog.pg_table_is_visible(c.oid) and relname=%(name)s
[sqlalchemy.engine.base.Engine] 2017-04-29 22:32:09,967 INFO log:109: {'name': 'team'}
[sqlalchemy.engine.base.Engine] 2017-04-29 22:32:09,971 INFO log:109: select relname from pg_class c join pg_namespace n on n.oid=c.relnamespace where pg_catalog.pg_table_is_visible(c.oid) and relname=%(name)s
[sqlalchemy.engine.base.Engine] 2017-04-29 22:32:09,972 INFO log:109: {'name': 'player'}
[__main__] 2017-04-29 22:32:09,986 INFO __main__:63: Server started
[tornado.general] 2017-04-29 22:32:28,999 INFO autoreload:198: /app/app/handlers.py modified; restarting server
[__main__] 2017-04-29 22:32:30,152 INFO __main__:45: Settings: {'debug': True, 'autoreload': True}
[sqlalchemy.engine.base.Engine] 2017-04-29 22:32:30,258 INFO log:109: select version()
[sqlalchemy.engine.base.Engine] 2017-04-29 22:32:30,259 INFO log:109: {}
[sqlalchemy.engine.base.Engine] 2017-04-29 22:32:30,262 INFO log:109: select current_schema()
[sqlalchemy.engine.base.Engine] 2017-04-29 22:32:30,262 INFO log:109: {}
[sqlalchemy.engine.base.Engine] 2017-04-29 22:32:30,266 INFO log:109: SELECT CAST('test plain returns' AS VARCHAR(60)) AS anon_1
[sqlalchemy.engine.base.Engine] 2017-04-29 22:32:30,267 INFO log:109: {}
[sqlalchemy.engine.base.Engine] 2017-04-29 22:32:30,272 INFO log:109: SELECT CAST('test unicode returns' AS VARCHAR(60)) AS anon_1
[sqlalchemy.engine.base.Engine] 2017-04-29 22:32:30,273 INFO log:109: {}
[sqlalchemy.engine.base.Engine] 2017-04-29 22:32:30,279 INFO log:109: show standard_conforming_strings
[sqlalchemy.engine.base.Engine] 2017-04-29 22:32:30,281 INFO log:109: {}
[sqlalchemy.engine.base.Engine] 2017-04-29 22:32:30,283 INFO log:109: select relname from pg_class c join pg_namespace n on n.oid=c.relnamespace where pg_catalog.pg_table_is_visible(c.oid) and relname=%(name)s
[sqlalchemy.engine.base.Engine] 2017-04-29 22:32:30,285 INFO log:109: {'name': 'draft'}
[sqlalchemy.engine.base.Engine] 2017-04-29 22:32:30,295 INFO log:109: select relname from pg_class c join pg_namespace n on n.oid=c.relnamespace where pg_catalog.pg_table_is_visible(c.oid) and relname=%(name)s
[sqlalchemy.engine.base.Engine] 2017-04-29 22:32:30,296 INFO log:109: {'name': 'team'}
[sqlalchemy.engine.base.Engine] 2017-04-29 22:32:30,303 INFO log:109: select relname from pg_class c join pg_namespace n on n.oid=c.relnamespace where pg_catalog.pg_table_is_visible(c.oid) and relname=%(name)s
[sqlalchemy.engine.base.Engine] 2017-04-29 22:32:30,304 INFO log:109: {'name': 'player'}
[__main__] 2017-04-29 22:32:30,331 INFO __main__:63: Server started
[tornado.general] 2017-04-29 22:33:50,862 INFO autoreload:198: /app/app/handlers.py modified; restarting server
[__main__] 2017-04-29 22:33:51,652 INFO __main__:45: Settings: {'debug': True, 'autoreload': True}
[sqlalchemy.engine.base.Engine] 2017-04-29 22:33:51,843 INFO log:109: select version()
[sqlalchemy.engine.base.Engine] 2017-04-29 22:33:51,844 INFO log:109: {}
[sqlalchemy.engine.base.Engine] 2017-04-29 22:33:51,848 INFO log:109: select current_schema()
[sqlalchemy.engine.base.Engine] 2017-04-29 22:33:51,850 INFO log:109: {}
[sqlalchemy.engine.base.Engine] 2017-04-29 22:33:51,855 INFO log:109: SELECT CAST('test plain returns' AS VARCHAR(60)) AS anon_1
[sqlalchemy.engine.base.Engine] 2017-04-29 22:33:51,856 INFO log:109: {}
[sqlalchemy.engine.base.Engine] 2017-04-29 22:33:51,857 INFO log:109: SELECT CAST('test unicode returns' AS VARCHAR(60)) AS anon_1
[sqlalchemy.engine.base.Engine] 2017-04-29 22:33:51,858 INFO log:109: {}
[sqlalchemy.engine.base.Engine] 2017-04-29 22:33:51,859 INFO log:109: show standard_conforming_strings
[sqlalchemy.engine.base.Engine] 2017-04-29 22:33:51,860 INFO log:109: {}
[sqlalchemy.engine.base.Engine] 2017-04-29 22:33:51,863 INFO log:109: select relname from pg_class c join pg_namespace n on n.oid=c.relnamespace where pg_catalog.pg_table_is_visible(c.oid) and relname=%(name)s
[sqlalchemy.engine.base.Engine] 2017-04-29 22:33:51,864 INFO log:109: {'name': 'draft'}
[sqlalchemy.engine.base.Engine] 2017-04-29 22:33:51,875 INFO log:109: select relname from pg_class c join pg_namespace n on n.oid=c.relnamespace where pg_catalog.pg_table_is_visible(c.oid) and relname=%(name)s
[sqlalchemy.engine.base.Engine] 2017-04-29 22:33:51,876 INFO log:109: {'name': 'team'}
[sqlalchemy.engine.base.Engine] 2017-04-29 22:33:51,881 INFO log:109: select relname from pg_class c join pg_namespace n on n.oid=c.relnamespace where pg_catalog.pg_table_is_visible(c.oid) and relname=%(name)s
[sqlalchemy.engine.base.Engine] 2017-04-29 22:33:51,881 INFO log:109: {'name': 'player'}
[__main__] 2017-04-29 22:33:51,894 INFO __main__:63: Server started
[tornado.general] 2017-04-29 22:35:01,901 INFO autoreload:198: /app/app/handlers.py modified; restarting server
[__main__] 2017-04-29 22:35:02,708 INFO __main__:45: Settings: {'autoreload': True, 'debug': True}
[sqlalchemy.engine.base.Engine] 2017-04-29 22:35:02,789 INFO log:109: select version()
[sqlalchemy.engine.base.Engine] 2017-04-29 22:35:02,790 INFO log:109: {}
[sqlalchemy.engine.base.Engine] 2017-04-29 22:35:02,795 INFO log:109: select current_schema()
[sqlalchemy.engine.base.Engine] 2017-04-29 22:35:02,796 INFO log:109: {}
[sqlalchemy.engine.base.Engine] 2017-04-29 22:35:02,807 INFO log:109: SELECT CAST('test plain returns' AS VARCHAR(60)) AS anon_1
[sqlalchemy.engine.base.Engine] 2017-04-29 22:35:02,809 INFO log:109: {}
[sqlalchemy.engine.base.Engine] 2017-04-29 22:35:02,812 INFO log:109: SELECT CAST('test unicode returns' AS VARCHAR(60)) AS anon_1
[sqlalchemy.engine.base.Engine] 2017-04-29 22:35:02,813 INFO log:109: {}
[sqlalchemy.engine.base.Engine] 2017-04-29 22:35:02,815 INFO log:109: show standard_conforming_strings
[sqlalchemy.engine.base.Engine] 2017-04-29 22:35:02,816 INFO log:109: {}
[sqlalchemy.engine.base.Engine] 2017-04-29 22:35:02,819 INFO log:109: select relname from pg_class c join pg_namespace n on n.oid=c.relnamespace where pg_catalog.pg_table_is_visible(c.oid) and relname=%(name)s
[sqlalchemy.engine.base.Engine] 2017-04-29 22:35:02,820 INFO log:109: {'name': 'team'}
[sqlalchemy.engine.base.Engine] 2017-04-29 22:35:02,829 INFO log:109: select relname from pg_class c join pg_namespace n on n.oid=c.relnamespace where pg_catalog.pg_table_is_visible(c.oid) and relname=%(name)s
[sqlalchemy.engine.base.Engine] 2017-04-29 22:35:02,830 INFO log:109: {'name': 'draft'}
[sqlalchemy.engine.base.Engine] 2017-04-29 22:35:02,835 INFO log:109: select relname from pg_class c join pg_namespace n on n.oid=c.relnamespace where pg_catalog.pg_table_is_visible(c.oid) and relname=%(name)s
[sqlalchemy.engine.base.Engine] 2017-04-29 22:35:02,836 INFO log:109: {'name': 'player'}
[__main__] 2017-04-29 22:35:02,850 INFO __main__:63: Server started
[tornado.general] 2017-04-29 22:40:35,364 INFO autoreload:198: /app/app/handlers.py modified; restarting server
[__main__] 2017-04-29 22:40:36,192 INFO __main__:45: Settings: {'debug': True, 'autoreload': True}
[sqlalchemy.engine.base.Engine] 2017-04-29 22:40:36,292 INFO log:109: select version()
[sqlalchemy.engine.base.Engine] 2017-04-29 22:40:36,293 INFO log:109: {}
[sqlalchemy.engine.base.Engine] 2017-04-29 22:40:36,296 INFO log:109: select current_schema()
[sqlalchemy.engine.base.Engine] 2017-04-29 22:40:36,297 INFO log:109: {}
[sqlalchemy.engine.base.Engine] 2017-04-29 22:40:36,301 INFO log:109: SELECT CAST('test plain returns' AS VARCHAR(60)) AS anon_1
[sqlalchemy.engine.base.Engine] 2017-04-29 22:40:36,302 INFO log:109: {}
[sqlalchemy.engine.base.Engine] 2017-04-29 22:40:36,306 INFO log:109: SELECT CAST('test unicode returns' AS VARCHAR(60)) AS anon_1
[sqlalchemy.engine.base.Engine] 2017-04-29 22:40:36,308 INFO log:109: {}
[sqlalchemy.engine.base.Engine] 2017-04-29 22:40:36,311 INFO log:109: show standard_conforming_strings
[sqlalchemy.engine.base.Engine] 2017-04-29 22:40:36,312 INFO log:109: {}
[sqlalchemy.engine.base.Engine] 2017-04-29 22:40:36,315 INFO log:109: select relname from pg_class c join pg_namespace n on n.oid=c.relnamespace where pg_catalog.pg_table_is_visible(c.oid) and relname=%(name)s
[sqlalchemy.engine.base.Engine] 2017-04-29 22:40:36,315 INFO log:109: {'name': 'draft'}
[sqlalchemy.engine.base.Engine] 2017-04-29 22:40:36,326 INFO log:109: select relname from pg_class c join pg_namespace n on n.oid=c.relnamespace where pg_catalog.pg_table_is_visible(c.oid) and relname=%(name)s
[sqlalchemy.engine.base.Engine] 2017-04-29 22:40:36,327 INFO log:109: {'name': 'player'}
[sqlalchemy.engine.base.Engine] 2017-04-29 22:40:36,333 INFO log:109: select relname from pg_class c join pg_namespace n on n.oid=c.relnamespace where pg_catalog.pg_table_is_visible(c.oid) and relname=%(name)s
[sqlalchemy.engine.base.Engine] 2017-04-29 22:40:36,334 INFO log:109: {'name': 'team'}
[__main__] 2017-04-29 22:40:36,347 INFO __main__:63: Server started
[tornado.general] 2017-04-29 22:40:39,857 INFO autoreload:198: /app/app/handlers.py modified; restarting server
[__main__] 2017-04-29 22:40:41,136 INFO __main__:45: Settings: {'debug': True, 'autoreload': True}
[sqlalchemy.engine.base.Engine] 2017-04-29 22:40:41,247 INFO log:109: select version()
[sqlalchemy.engine.base.Engine] 2017-04-29 22:40:41,251 INFO log:109: {}
[sqlalchemy.engine.base.Engine] 2017-04-29 22:40:41,258 INFO log:109: select current_schema()
[sqlalchemy.engine.base.Engine] 2017-04-29 22:40:41,259 INFO log:109: {}
[sqlalchemy.engine.base.Engine] 2017-04-29 22:40:41,263 INFO log:109: SELECT CAST('test plain returns' AS VARCHAR(60)) AS anon_1
[sqlalchemy.engine.base.Engine] 2017-04-29 22:40:41,265 INFO log:109: {}
[sqlalchemy.engine.base.Engine] 2017-04-29 22:40:41,268 INFO log:109: SELECT CAST('test unicode returns' AS VARCHAR(60)) AS anon_1
[sqlalchemy.engine.base.Engine] 2017-04-29 22:40:41,268 INFO log:109: {}
[sqlalchemy.engine.base.Engine] 2017-04-29 22:40:41,271 INFO log:109: show standard_conforming_strings
[sqlalchemy.engine.base.Engine] 2017-04-29 22:40:41,272 INFO log:109: {}
[sqlalchemy.engine.base.Engine] 2017-04-29 22:40:41,274 INFO log:109: select relname from pg_class c join pg_namespace n on n.oid=c.relnamespace where pg_catalog.pg_table_is_visible(c.oid) and relname=%(name)s
[sqlalchemy.engine.base.Engine] 2017-04-29 22:40:41,275 INFO log:109: {'name': 'draft'}
[sqlalchemy.engine.base.Engine] 2017-04-29 22:40:41,288 INFO log:109: select relname from pg_class c join pg_namespace n on n.oid=c.relnamespace where pg_catalog.pg_table_is_visible(c.oid) and relname=%(name)s
[sqlalchemy.engine.base.Engine] 2017-04-29 22:40:41,289 INFO log:109: {'name': 'player'}
[sqlalchemy.engine.base.Engine] 2017-04-29 22:40:41,297 INFO log:109: select relname from pg_class c join pg_namespace n on n.oid=c.relnamespace where pg_catalog.pg_table_is_visible(c.oid) and relname=%(name)s
[sqlalchemy.engine.base.Engine] 2017-04-29 22:40:41,298 INFO log:109: {'name': 'team'}
[__main__] 2017-04-29 22:40:41,319 INFO __main__:63: Server started
[sqlalchemy.engine.base.Engine] 2017-04-29 22:40:44,417 INFO log:109: BEGIN (implicit)
[sqlalchemy.engine.base.Engine] 2017-04-29 22:40:44,419 INFO log:109: SELECT draft.id AS draft_id, draft.name AS draft_name, draft.round AS draft_round 
FROM draft
[sqlalchemy.engine.base.Engine] 2017-04-29 22:40:44,422 INFO log:109: {}
[tornado.access] 2017-04-29 22:40:44,436 INFO web:2063: 200 GET /drafts (172.26.0.2) 78.76ms
[__main__] 2017-04-29 23:10:22,440 INFO __main__:45: Settings: {'autoreload': True, 'debug': True}
[sqlalchemy.engine.base.Engine] 2017-04-29 23:10:22,523 INFO log:109: select version()
[sqlalchemy.engine.base.Engine] 2017-04-29 23:10:22,525 INFO log:109: {}
[sqlalchemy.engine.base.Engine] 2017-04-29 23:10:22,530 INFO log:109: select current_schema()
[sqlalchemy.engine.base.Engine] 2017-04-29 23:10:22,531 INFO log:109: {}
[sqlalchemy.engine.base.Engine] 2017-04-29 23:10:22,536 INFO log:109: SELECT CAST('test plain returns' AS VARCHAR(60)) AS anon_1
[sqlalchemy.engine.base.Engine] 2017-04-29 23:10:22,537 INFO log:109: {}
[sqlalchemy.engine.base.Engine] 2017-04-29 23:10:22,539 INFO log:109: SELECT CAST('test unicode returns' AS VARCHAR(60)) AS anon_1
[sqlalchemy.engine.base.Engine] 2017-04-29 23:10:22,539 INFO log:109: {}
[sqlalchemy.engine.base.Engine] 2017-04-29 23:10:22,541 INFO log:109: show standard_conforming_strings
[sqlalchemy.engine.base.Engine] 2017-04-29 23:10:22,543 INFO log:109: {}
[sqlalchemy.engine.base.Engine] 2017-04-29 23:10:22,549 INFO log:109: select relname from pg_class c join pg_namespace n on n.oid=c.relnamespace where pg_catalog.pg_table_is_visible(c.oid) and relname=%(name)s
[sqlalchemy.engine.base.Engine] 2017-04-29 23:10:22,551 INFO log:109: {'name': 'team'}
[sqlalchemy.engine.base.Engine] 2017-04-29 23:10:22,562 INFO log:109: select relname from pg_class c join pg_namespace n on n.oid=c.relnamespace where pg_catalog.pg_table_is_visible(c.oid) and relname=%(name)s
[sqlalchemy.engine.base.Engine] 2017-04-29 23:10:22,563 INFO log:109: {'name': 'draft'}
[sqlalchemy.engine.base.Engine] 2017-04-29 23:10:22,568 INFO log:109: select relname from pg_class c join pg_namespace n on n.oid=c.relnamespace where pg_catalog.pg_table_is_visible(c.oid) and relname=%(name)s
[sqlalchemy.engine.base.Engine] 2017-04-29 23:10:22,569 INFO log:109: {'name': 'player'}
[__main__] 2017-04-29 23:10:22,583 INFO __main__:63: Server started
[__main__] 2017-04-29 23:23:49,340 INFO __main__:45: Settings: {'debug': True, 'autoreload': True}
[sqlalchemy.engine.base.Engine] 2017-04-29 23:23:49,709 INFO log:109: select version()
[sqlalchemy.engine.base.Engine] 2017-04-29 23:23:49,711 INFO log:109: {}
[sqlalchemy.engine.base.Engine] 2017-04-29 23:23:49,717 INFO log:109: select current_schema()
[sqlalchemy.engine.base.Engine] 2017-04-29 23:23:49,718 INFO log:109: {}
[sqlalchemy.engine.base.Engine] 2017-04-29 23:23:49,721 INFO log:109: SELECT CAST('test plain returns' AS VARCHAR(60)) AS anon_1
[sqlalchemy.engine.base.Engine] 2017-04-29 23:23:49,722 INFO log:109: {}
[sqlalchemy.engine.base.Engine] 2017-04-29 23:23:49,734 INFO log:109: SELECT CAST('test unicode returns' AS VARCHAR(60)) AS anon_1
[sqlalchemy.engine.base.Engine] 2017-04-29 23:23:49,736 INFO log:109: {}
[sqlalchemy.engine.base.Engine] 2017-04-29 23:23:49,742 INFO log:109: show standard_conforming_strings
[sqlalchemy.engine.base.Engine] 2017-04-29 23:23:49,743 INFO log:109: {}
[sqlalchemy.engine.base.Engine] 2017-04-29 23:23:49,744 INFO log:109: select relname from pg_class c join pg_namespace n on n.oid=c.relnamespace where pg_catalog.pg_table_is_visible(c.oid) and relname=%(name)s
[sqlalchemy.engine.base.Engine] 2017-04-29 23:23:49,745 INFO log:109: {'name': 'draft'}
[sqlalchemy.engine.base.Engine] 2017-04-29 23:23:49,758 INFO log:109: select relname from pg_class c join pg_namespace n on n.oid=c.relnamespace where pg_catalog.pg_table_is_visible(c.oid) and relname=%(name)s
[sqlalchemy.engine.base.Engine] 2017-04-29 23:23:49,759 INFO log:109: {'name': 'player'}
[sqlalchemy.engine.base.Engine] 2017-04-29 23:23:49,769 INFO log:109: select relname from pg_class c join pg_namespace n on n.oid=c.relnamespace where pg_catalog.pg_table_is_visible(c.oid) and relname=%(name)s
[sqlalchemy.engine.base.Engine] 2017-04-29 23:23:49,773 INFO log:109: {'name': 'team'}
[__main__] 2017-04-29 23:23:49,799 INFO __main__:63: Server started
[sqlalchemy.engine.base.Engine] 2017-04-29 23:47:08,376 INFO log:109: BEGIN (implicit)
[sqlalchemy.engine.base.Engine] 2017-04-29 23:47:08,389 INFO log:109: SELECT draft.id AS draft_id, draft.name AS draft_name, draft.round AS draft_round 
FROM draft
[sqlalchemy.engine.base.Engine] 2017-04-29 23:47:08,390 INFO log:109: {}
[tornado.access] 2017-04-29 23:47:08,458 INFO web:2063: 200 GET /drafts (172.26.0.4) 1707.19ms
[sqlalchemy.engine.base.Engine] 2017-04-29 23:49:39,606 INFO log:109: SELECT draft.id AS draft_id, draft.name AS draft_name, draft.round AS draft_round 
FROM draft
[sqlalchemy.engine.base.Engine] 2017-04-29 23:49:39,607 INFO log:109: {}
[tornado.access] 2017-04-29 23:49:39,612 INFO web:2063: 200 GET /drafts (172.26.0.4) 6.72ms
[sqlalchemy.engine.base.Engine] 2017-04-29 23:54:35,168 INFO log:109: SELECT draft.id AS draft_id, draft.name AS draft_name, draft.round AS draft_round 
FROM draft
[sqlalchemy.engine.base.Engine] 2017-04-29 23:54:35,177 INFO log:109: {}
[tornado.access] 2017-04-29 23:54:35,181 INFO web:2063: 200 GET /drafts (172.26.0.4) 13.50ms
[app.service] 2017-04-29 23:56:55,409 DEBUG service:38: Making GET "/players" request to stats service
[sqlalchemy.engine.base.Engine] 2017-04-29 23:56:56,390 INFO log:109: INSERT INTO draft (name, round) VALUES (%(name)s, %(round)s) RETURNING draft.id
[sqlalchemy.engine.base.Engine] 2017-04-29 23:56:56,391 INFO log:109: {'round': 0, 'name': 'test'}
[sqlalchemy.engine.base.Engine] 2017-04-29 23:56:56,411 INFO log:109: COMMIT
[sqlalchemy.engine.base.Engine] 2017-04-29 23:56:56,419 INFO log:109: BEGIN (implicit)
[sqlalchemy.engine.base.Engine] 2017-04-29 23:56:56,421 INFO log:109: SELECT draft.id AS draft_id, draft.name AS draft_name, draft.round AS draft_round 
FROM draft 
WHERE draft.id = %(param_1)s
[sqlalchemy.engine.base.Engine] 2017-04-29 23:56:56,421 INFO log:109: {'param_1': 1}
[tornado.access] 2017-04-29 23:56:56,429 INFO web:2063: 200 POST /drafts (172.26.0.4) 1021.25ms
[sqlalchemy.engine.base.Engine] 2017-04-29 23:56:56,478 INFO log:109: INSERT INTO team (name, money, is_owner, is_turn, "order", draft_id) VALUES (%(name)s, %(money)s, %(is_owner)s, %(is_turn)s, %(order)s, %(draft_id)s) RETURNING team.id
[sqlalchemy.engine.base.Engine] 2017-04-29 23:56:56,479 INFO log:109: {'is_turn': True, 'is_owner': True, 'name': '1', 'draft_id': '1', 'order': 0, 'money': 200}
[sqlalchemy.engine.base.Engine] 2017-04-29 23:56:56,531 INFO log:109: COMMIT
[sqlalchemy.engine.base.Engine] 2017-04-29 23:56:56,542 INFO log:109: BEGIN (implicit)
[sqlalchemy.engine.base.Engine] 2017-04-29 23:56:56,553 INFO log:109: SELECT team.id AS team_id, team.name AS team_name, team.money AS team_money, team.is_owner AS team_is_owner, team.is_turn AS team_is_turn, team."order" AS team_order, team.draft_id AS team_draft_id 
FROM team 
WHERE team.id = %(param_1)s
[sqlalchemy.engine.base.Engine] 2017-04-29 23:56:56,554 INFO log:109: {'param_1': 1}
[tornado.access] 2017-04-29 23:56:56,572 INFO web:2063: 200 POST /drafts/1/teams (172.26.0.4) 105.27ms
[sqlalchemy.engine.base.Engine] 2017-04-29 23:56:56,584 INFO log:109: INSERT INTO team (name, money, is_owner, is_turn, "order", draft_id) VALUES (%(name)s, %(money)s, %(is_owner)s, %(is_turn)s, %(order)s, %(draft_id)s) RETURNING team.id
[sqlalchemy.engine.base.Engine] 2017-04-29 23:56:56,586 INFO log:109: {'is_turn': None, 'is_owner': False, 'name': '2', 'draft_id': '1', 'order': 1, 'money': 200}
[sqlalchemy.engine.base.Engine] 2017-04-29 23:56:56,595 INFO log:109: COMMIT
[sqlalchemy.engine.base.Engine] 2017-04-29 23:56:56,614 INFO log:109: BEGIN (implicit)
[sqlalchemy.engine.base.Engine] 2017-04-29 23:56:56,622 INFO log:109: SELECT team.id AS team_id, team.name AS team_name, team.money AS team_money, team.is_owner AS team_is_owner, team.is_turn AS team_is_turn, team."order" AS team_order, team.draft_id AS team_draft_id 
FROM team 
WHERE team.id = %(param_1)s
[sqlalchemy.engine.base.Engine] 2017-04-29 23:56:56,623 INFO log:109: {'param_1': 2}
[tornado.access] 2017-04-29 23:56:56,628 INFO web:2063: 200 POST /drafts/1/teams (172.26.0.4) 45.88ms
[sqlalchemy.engine.base.Engine] 2017-04-29 23:56:57,199 INFO log:109: SELECT team.id AS team_id, team.name AS team_name, team.money AS team_money, team.is_owner AS team_is_owner, team.is_turn AS team_is_turn, team."order" AS team_order, team.draft_id AS team_draft_id 
FROM team 
WHERE team.draft_id = %(draft_id_1)s
[sqlalchemy.engine.base.Engine] 2017-04-29 23:56:57,200 INFO log:109: {'draft_id_1': 1}
[tornado.application] 2017-04-29 23:56:57,211 ERROR web:1590: Uncaught exception GET /drafts/1/teams (172.26.0.4)
HTTPServerRequest(protocol='http', host='drafts', method='GET', uri='/drafts/1/teams', version='HTTP/1.1', remote_ip='172.26.0.4', headers={'Connection': 'close', 'Accept-Encoding': 'gzip', 'Host': 'drafts'})
Traceback (most recent call last):
  File "/usr/local/lib/python3.5/site-packages/tornado/web.py", line 1511, in _execute
    result = yield result
  File "/usr/local/lib/python3.5/site-packages/tornado/gen.py", line 1055, in run
    value = future.result()
  File "/usr/local/lib/python3.5/site-packages/tornado/concurrent.py", line 238, in result
    raise_exc_info(self._exc_info)
  File "<string>", line 4, in raise_exc_info
  File "/usr/local/lib/python3.5/site-packages/tornado/gen.py", line 292, in wrapper
    result = func(*args, **kwargs)
  File "/usr/local/lib/python3.5/types.py", line 243, in wrapped
    coro = func(*args, **kwargs)
  File "/app/app/handlers.py", line 81, in get
    starters, bench = get_starters_and_bench(self.db, team['id'])
NameError: name 'get_starters_and_bench' is not defined
[tornado.access] 2017-04-29 23:56:57,239 ERROR web:2063: 500 GET /drafts/1/teams (172.26.0.4) 42.22ms
[sqlalchemy.engine.base.Engine] 2017-04-29 23:56:57,242 INFO log:109: SELECT draft.id AS draft_id, draft.name AS draft_name, draft.round AS draft_round 
FROM draft 
WHERE draft.id = %(id_1)s 
 LIMIT %(param_1)s
[sqlalchemy.engine.base.Engine] 2017-04-29 23:56:57,244 INFO log:109: {'id_1': 1, 'param_1': 1}
[tornado.access] 2017-04-29 23:56:57,253 INFO web:2063: 200 GET /drafts/1 (172.26.0.4) 12.88ms
[app.service] 2017-04-29 23:56:57,255 DEBUG service:38: Making GET "/players?target_price=true" request to stats service
[sqlalchemy.engine.base.Engine] 2017-04-29 23:56:57,399 INFO log:109: SELECT player.id AS player_id, player.paid_price AS player_paid_price, player.bench AS player_bench, player.core_id AS player_core_id, player.draft_id AS player_draft_id, player.team_id AS player_team_id 
FROM player 
WHERE player.draft_id = %(draft_id_1)s
[sqlalchemy.engine.base.Engine] 2017-04-29 23:56:57,401 INFO log:109: {'draft_id_1': 1}
[tornado.access] 2017-04-29 23:56:57,416 INFO web:2063: 200 GET /drafts/1/players (172.26.0.4) 161.13ms
[sqlalchemy.engine.base.Engine] 2017-04-29 23:58:13,223 INFO log:109: SELECT draft.id AS draft_id, draft.name AS draft_name, draft.round AS draft_round 
FROM draft
[sqlalchemy.engine.base.Engine] 2017-04-29 23:58:13,224 INFO log:109: {}
[tornado.access] 2017-04-29 23:58:13,240 INFO web:2063: 200 GET /drafts (172.26.0.4) 20.55ms
[sqlalchemy.engine.base.Engine] 2017-04-29 23:58:15,826 INFO log:109: SELECT draft.id AS draft_id, draft.name AS draft_name, draft.round AS draft_round 
FROM draft
[sqlalchemy.engine.base.Engine] 2017-04-29 23:58:15,828 INFO log:109: {}
[tornado.access] 2017-04-29 23:58:15,840 INFO web:2063: 200 GET /drafts (172.26.0.4) 14.82ms
[sqlalchemy.engine.base.Engine] 2017-04-29 23:58:22,082 INFO log:109: SELECT draft.id AS draft_id, draft.name AS draft_name, draft.round AS draft_round 
FROM draft 
WHERE draft.id = %(id_1)s 
 LIMIT %(param_1)s
[sqlalchemy.engine.base.Engine] 2017-04-29 23:58:22,091 INFO log:109: {'id_1': 1, 'param_1': 1}
[tornado.access] 2017-04-29 23:58:22,106 INFO web:2063: 200 GET /drafts/1 (172.26.0.4) 28.74ms
[app.service] 2017-04-29 23:58:22,109 DEBUG service:38: Making GET "/players?target_price=true" request to stats service
[sqlalchemy.engine.base.Engine] 2017-04-29 23:58:22,119 INFO log:109: SELECT team.id AS team_id, team.name AS team_name, team.money AS team_money, team.is_owner AS team_is_owner, team.is_turn AS team_is_turn, team."order" AS team_order, team.draft_id AS team_draft_id 
FROM team 
WHERE team.draft_id = %(draft_id_1)s
[sqlalchemy.engine.base.Engine] 2017-04-29 23:58:22,120 INFO log:109: {'draft_id_1': 1}
[tornado.application] 2017-04-29 23:58:22,126 ERROR web:1590: Uncaught exception GET /drafts/1/teams (172.26.0.4)
HTTPServerRequest(protocol='http', host='drafts', method='GET', uri='/drafts/1/teams', version='HTTP/1.1', remote_ip='172.26.0.4', headers={'Connection': 'close', 'Accept-Encoding': 'gzip', 'Host': 'drafts'})
Traceback (most recent call last):
  File "/usr/local/lib/python3.5/site-packages/tornado/web.py", line 1511, in _execute
    result = yield result
  File "/usr/local/lib/python3.5/site-packages/tornado/gen.py", line 1055, in run
    value = future.result()
  File "/usr/local/lib/python3.5/site-packages/tornado/concurrent.py", line 238, in result
    raise_exc_info(self._exc_info)
  File "<string>", line 4, in raise_exc_info
  File "/usr/local/lib/python3.5/site-packages/tornado/gen.py", line 292, in wrapper
    result = func(*args, **kwargs)
  File "/usr/local/lib/python3.5/types.py", line 243, in wrapped
    coro = func(*args, **kwargs)
  File "/app/app/handlers.py", line 81, in get
    starters, bench = get_starters_and_bench(self.db, team['id'])
NameError: name 'get_starters_and_bench' is not defined
[tornado.access] 2017-04-29 23:58:22,205 ERROR web:2063: 500 GET /drafts/1/teams (172.26.0.4) 88.05ms
[sqlalchemy.engine.base.Engine] 2017-04-29 23:58:22,268 INFO log:109: SELECT player.id AS player_id, player.paid_price AS player_paid_price, player.bench AS player_bench, player.core_id AS player_core_id, player.draft_id AS player_draft_id, player.team_id AS player_team_id 
FROM player 
WHERE player.draft_id = %(draft_id_1)s
[sqlalchemy.engine.base.Engine] 2017-04-29 23:58:22,273 INFO log:109: {'draft_id_1': 1}
[tornado.access] 2017-04-29 23:58:22,288 INFO web:2063: 200 GET /drafts/1/players (172.26.0.4) 179.28ms
[tornado.general] 2017-04-29 23:58:58,805 INFO autoreload:198: /app/app/handlers.py modified; restarting server
[__main__] 2017-04-29 23:59:00,295 INFO __main__:45: Settings: {'debug': True, 'autoreload': True}
[sqlalchemy.engine.base.Engine] 2017-04-29 23:59:00,400 INFO log:109: select version()
[sqlalchemy.engine.base.Engine] 2017-04-29 23:59:00,401 INFO log:109: {}
[sqlalchemy.engine.base.Engine] 2017-04-29 23:59:00,404 INFO log:109: select current_schema()
[sqlalchemy.engine.base.Engine] 2017-04-29 23:59:00,405 INFO log:109: {}
[sqlalchemy.engine.base.Engine] 2017-04-29 23:59:00,408 INFO log:109: SELECT CAST('test plain returns' AS VARCHAR(60)) AS anon_1
[sqlalchemy.engine.base.Engine] 2017-04-29 23:59:00,408 INFO log:109: {}
[sqlalchemy.engine.base.Engine] 2017-04-29 23:59:00,411 INFO log:109: SELECT CAST('test unicode returns' AS VARCHAR(60)) AS anon_1
[sqlalchemy.engine.base.Engine] 2017-04-29 23:59:00,412 INFO log:109: {}
[sqlalchemy.engine.base.Engine] 2017-04-29 23:59:00,417 INFO log:109: show standard_conforming_strings
[sqlalchemy.engine.base.Engine] 2017-04-29 23:59:00,418 INFO log:109: {}
[sqlalchemy.engine.base.Engine] 2017-04-29 23:59:00,421 INFO log:109: select relname from pg_class c join pg_namespace n on n.oid=c.relnamespace where pg_catalog.pg_table_is_visible(c.oid) and relname=%(name)s
[sqlalchemy.engine.base.Engine] 2017-04-29 23:59:00,425 INFO log:109: {'name': 'team'}
[sqlalchemy.engine.base.Engine] 2017-04-29 23:59:00,446 INFO log:109: select relname from pg_class c join pg_namespace n on n.oid=c.relnamespace where pg_catalog.pg_table_is_visible(c.oid) and relname=%(name)s
[sqlalchemy.engine.base.Engine] 2017-04-29 23:59:00,447 INFO log:109: {'name': 'player'}
[sqlalchemy.engine.base.Engine] 2017-04-29 23:59:00,455 INFO log:109: select relname from pg_class c join pg_namespace n on n.oid=c.relnamespace where pg_catalog.pg_table_is_visible(c.oid) and relname=%(name)s
[sqlalchemy.engine.base.Engine] 2017-04-29 23:59:00,456 INFO log:109: {'name': 'draft'}
[__main__] 2017-04-29 23:59:00,495 INFO __main__:63: Server started
[tornado.general] 2017-04-29 23:59:43,503 INFO autoreload:198: /app/app/__main__.py modified; restarting server
[__main__] 2017-04-29 23:59:44,348 INFO __main__:45: Settings: {'autoreload': True, 'debug': True}
[sqlalchemy.engine.base.Engine] 2017-04-29 23:59:44,429 INFO log:109: select version()
[sqlalchemy.engine.base.Engine] 2017-04-29 23:59:44,431 INFO log:109: {}
[sqlalchemy.engine.base.Engine] 2017-04-29 23:59:44,434 INFO log:109: select current_schema()
[sqlalchemy.engine.base.Engine] 2017-04-29 23:59:44,435 INFO log:109: {}
[sqlalchemy.engine.base.Engine] 2017-04-29 23:59:44,438 INFO log:109: SELECT CAST('test plain returns' AS VARCHAR(60)) AS anon_1
[sqlalchemy.engine.base.Engine] 2017-04-29 23:59:44,439 INFO log:109: {}
[sqlalchemy.engine.base.Engine] 2017-04-29 23:59:44,440 INFO log:109: SELECT CAST('test unicode returns' AS VARCHAR(60)) AS anon_1
[sqlalchemy.engine.base.Engine] 2017-04-29 23:59:44,441 INFO log:109: {}
[sqlalchemy.engine.base.Engine] 2017-04-29 23:59:44,442 INFO log:109: show standard_conforming_strings
[sqlalchemy.engine.base.Engine] 2017-04-29 23:59:44,443 INFO log:109: {}
[sqlalchemy.engine.base.Engine] 2017-04-29 23:59:44,445 INFO log:109: select relname from pg_class c join pg_namespace n on n.oid=c.relnamespace where pg_catalog.pg_table_is_visible(c.oid) and relname=%(name)s
[sqlalchemy.engine.base.Engine] 2017-04-29 23:59:44,446 INFO log:109: {'name': 'team'}
[sqlalchemy.engine.base.Engine] 2017-04-29 23:59:44,455 INFO log:109: select relname from pg_class c join pg_namespace n on n.oid=c.relnamespace where pg_catalog.pg_table_is_visible(c.oid) and relname=%(name)s
[sqlalchemy.engine.base.Engine] 2017-04-29 23:59:44,456 INFO log:109: {'name': 'draft'}
[sqlalchemy.engine.base.Engine] 2017-04-29 23:59:44,461 INFO log:109: select relname from pg_class c join pg_namespace n on n.oid=c.relnamespace where pg_catalog.pg_table_is_visible(c.oid) and relname=%(name)s
[sqlalchemy.engine.base.Engine] 2017-04-29 23:59:44,462 INFO log:109: {'name': 'player'}
[__main__] 2017-04-30 00:31:15,587 INFO __main__:45: Settings: {'autoreload': True, 'debug': True}
[sqlalchemy.engine.base.Engine] 2017-04-30 00:31:15,666 INFO log:109: select version()
[sqlalchemy.engine.base.Engine] 2017-04-30 00:31:15,667 INFO log:109: {}
[sqlalchemy.engine.base.Engine] 2017-04-30 00:31:15,669 INFO log:109: select current_schema()
[sqlalchemy.engine.base.Engine] 2017-04-30 00:31:15,670 INFO log:109: {}
[sqlalchemy.engine.base.Engine] 2017-04-30 00:31:15,673 INFO log:109: SELECT CAST('test plain returns' AS VARCHAR(60)) AS anon_1
[sqlalchemy.engine.base.Engine] 2017-04-30 00:31:15,674 INFO log:109: {}
[sqlalchemy.engine.base.Engine] 2017-04-30 00:31:15,676 INFO log:109: SELECT CAST('test unicode returns' AS VARCHAR(60)) AS anon_1
[sqlalchemy.engine.base.Engine] 2017-04-30 00:31:15,677 INFO log:109: {}
[sqlalchemy.engine.base.Engine] 2017-04-30 00:31:15,678 INFO log:109: show standard_conforming_strings
[sqlalchemy.engine.base.Engine] 2017-04-30 00:31:15,679 INFO log:109: {}
[sqlalchemy.engine.base.Engine] 2017-04-30 00:31:15,684 INFO log:109: select relname from pg_class c join pg_namespace n on n.oid=c.relnamespace where pg_catalog.pg_table_is_visible(c.oid) and relname=%(name)s
[sqlalchemy.engine.base.Engine] 2017-04-30 00:31:15,687 INFO log:109: {'name': 'team'}
[sqlalchemy.engine.base.Engine] 2017-04-30 00:31:15,696 INFO log:109: select relname from pg_class c join pg_namespace n on n.oid=c.relnamespace where pg_catalog.pg_table_is_visible(c.oid) and relname=%(name)s
[sqlalchemy.engine.base.Engine] 2017-04-30 00:31:15,697 INFO log:109: {'name': 'player'}
[sqlalchemy.engine.base.Engine] 2017-04-30 00:31:15,702 INFO log:109: select relname from pg_class c join pg_namespace n on n.oid=c.relnamespace where pg_catalog.pg_table_is_visible(c.oid) and relname=%(name)s
[sqlalchemy.engine.base.Engine] 2017-04-30 00:31:15,703 INFO log:109: {'name': 'draft'}
[__main__] 2017-04-30 00:32:10,474 INFO __main__:45: Settings: {'debug': True, 'autoreload': True}
[sqlalchemy.engine.base.Engine] 2017-04-30 00:32:10,566 INFO log:109: select version()
[sqlalchemy.engine.base.Engine] 2017-04-30 00:32:10,568 INFO log:109: {}
[sqlalchemy.engine.base.Engine] 2017-04-30 00:32:10,572 INFO log:109: select current_schema()
[sqlalchemy.engine.base.Engine] 2017-04-30 00:32:10,574 INFO log:109: {}
[sqlalchemy.engine.base.Engine] 2017-04-30 00:32:10,579 INFO log:109: SELECT CAST('test plain returns' AS VARCHAR(60)) AS anon_1
[sqlalchemy.engine.base.Engine] 2017-04-30 00:32:10,581 INFO log:109: {}
[sqlalchemy.engine.base.Engine] 2017-04-30 00:32:10,584 INFO log:109: SELECT CAST('test unicode returns' AS VARCHAR(60)) AS anon_1
[sqlalchemy.engine.base.Engine] 2017-04-30 00:32:10,586 INFO log:109: {}
[sqlalchemy.engine.base.Engine] 2017-04-30 00:32:10,588 INFO log:109: show standard_conforming_strings
[sqlalchemy.engine.base.Engine] 2017-04-30 00:32:10,589 INFO log:109: {}
[sqlalchemy.engine.base.Engine] 2017-04-30 00:32:10,591 INFO log:109: select relname from pg_class c join pg_namespace n on n.oid=c.relnamespace where pg_catalog.pg_table_is_visible(c.oid) and relname=%(name)s
[sqlalchemy.engine.base.Engine] 2017-04-30 00:32:10,592 INFO log:109: {'name': 'team'}
[sqlalchemy.engine.base.Engine] 2017-04-30 00:32:10,611 INFO log:109: select relname from pg_class c join pg_namespace n on n.oid=c.relnamespace where pg_catalog.pg_table_is_visible(c.oid) and relname=%(name)s
[sqlalchemy.engine.base.Engine] 2017-04-30 00:32:10,612 INFO log:109: {'name': 'player'}
[sqlalchemy.engine.base.Engine] 2017-04-30 00:32:10,622 INFO log:109: select relname from pg_class c join pg_namespace n on n.oid=c.relnamespace where pg_catalog.pg_table_is_visible(c.oid) and relname=%(name)s
[sqlalchemy.engine.base.Engine] 2017-04-30 00:32:10,623 INFO log:109: {'name': 'draft'}
[__main__] 2017-04-30 00:32:10,635 INFO __main__:64: Server started
[__main__] 2017-04-30 00:45:35,986 INFO __main__:45: Settings: {'debug': True, 'autoreload': True}
[sqlalchemy.engine.base.Engine] 2017-04-30 00:45:36,060 INFO log:109: select version()
[sqlalchemy.engine.base.Engine] 2017-04-30 00:45:36,061 INFO log:109: {}
[sqlalchemy.engine.base.Engine] 2017-04-30 00:45:36,063 INFO log:109: select current_schema()
[sqlalchemy.engine.base.Engine] 2017-04-30 00:45:36,063 INFO log:109: {}
[sqlalchemy.engine.base.Engine] 2017-04-30 00:45:36,066 INFO log:109: SELECT CAST('test plain returns' AS VARCHAR(60)) AS anon_1
[sqlalchemy.engine.base.Engine] 2017-04-30 00:45:36,066 INFO log:109: {}
[sqlalchemy.engine.base.Engine] 2017-04-30 00:45:36,068 INFO log:109: SELECT CAST('test unicode returns' AS VARCHAR(60)) AS anon_1
[sqlalchemy.engine.base.Engine] 2017-04-30 00:45:36,069 INFO log:109: {}
[sqlalchemy.engine.base.Engine] 2017-04-30 00:45:36,070 INFO log:109: show standard_conforming_strings
[sqlalchemy.engine.base.Engine] 2017-04-30 00:45:36,071 INFO log:109: {}
[sqlalchemy.engine.base.Engine] 2017-04-30 00:45:36,072 INFO log:109: select relname from pg_class c join pg_namespace n on n.oid=c.relnamespace where pg_catalog.pg_table_is_visible(c.oid) and relname=%(name)s
[sqlalchemy.engine.base.Engine] 2017-04-30 00:45:36,073 INFO log:109: {'name': 'draft'}
[sqlalchemy.engine.base.Engine] 2017-04-30 00:45:36,083 INFO log:109: select relname from pg_class c join pg_namespace n on n.oid=c.relnamespace where pg_catalog.pg_table_is_visible(c.oid) and relname=%(name)s
[sqlalchemy.engine.base.Engine] 2017-04-30 00:45:36,084 INFO log:109: {'name': 'player'}
[sqlalchemy.engine.base.Engine] 2017-04-30 00:45:36,089 INFO log:109: select relname from pg_class c join pg_namespace n on n.oid=c.relnamespace where pg_catalog.pg_table_is_visible(c.oid) and relname=%(name)s
[sqlalchemy.engine.base.Engine] 2017-04-30 00:45:36,090 INFO log:109: {'name': 'team'}
[__main__] 2017-04-30 00:45:36,106 INFO __main__:64: Server started
[__main__] 2017-04-30 00:46:54,725 INFO __main__:45: Settings: {'autoreload': True, 'debug': True}
[sqlalchemy.engine.base.Engine] 2017-04-30 00:46:54,802 INFO log:109: select version()
[sqlalchemy.engine.base.Engine] 2017-04-30 00:46:54,804 INFO log:109: {}
[sqlalchemy.engine.base.Engine] 2017-04-30 00:46:54,809 INFO log:109: select current_schema()
[sqlalchemy.engine.base.Engine] 2017-04-30 00:46:54,811 INFO log:109: {}
[sqlalchemy.engine.base.Engine] 2017-04-30 00:46:54,813 INFO log:109: SELECT CAST('test plain returns' AS VARCHAR(60)) AS anon_1
[sqlalchemy.engine.base.Engine] 2017-04-30 00:46:54,814 INFO log:109: {}
[sqlalchemy.engine.base.Engine] 2017-04-30 00:46:54,816 INFO log:109: SELECT CAST('test unicode returns' AS VARCHAR(60)) AS anon_1
[sqlalchemy.engine.base.Engine] 2017-04-30 00:46:54,816 INFO log:109: {}
[sqlalchemy.engine.base.Engine] 2017-04-30 00:46:54,817 INFO log:109: show standard_conforming_strings
[sqlalchemy.engine.base.Engine] 2017-04-30 00:46:54,818 INFO log:109: {}
[sqlalchemy.engine.base.Engine] 2017-04-30 00:46:54,820 INFO log:109: select relname from pg_class c join pg_namespace n on n.oid=c.relnamespace where pg_catalog.pg_table_is_visible(c.oid) and relname=%(name)s
[sqlalchemy.engine.base.Engine] 2017-04-30 00:46:54,821 INFO log:109: {'name': 'player'}
[sqlalchemy.engine.base.Engine] 2017-04-30 00:46:54,832 INFO log:109: select relname from pg_class c join pg_namespace n on n.oid=c.relnamespace where pg_catalog.pg_table_is_visible(c.oid) and relname=%(name)s
[sqlalchemy.engine.base.Engine] 2017-04-30 00:46:54,833 INFO log:109: {'name': 'team'}
[sqlalchemy.engine.base.Engine] 2017-04-30 00:46:54,838 INFO log:109: select relname from pg_class c join pg_namespace n on n.oid=c.relnamespace where pg_catalog.pg_table_is_visible(c.oid) and relname=%(name)s
[sqlalchemy.engine.base.Engine] 2017-04-30 00:46:54,839 INFO log:109: {'name': 'draft'}
[__main__] 2017-04-30 00:46:54,848 INFO __main__:64: Server started
[tornado.general] 2017-04-30 00:50:30,860 INFO autoreload:198: /app/app/handlers.py modified; restarting server
[__main__] 2017-04-30 00:50:31,797 INFO __main__:45: Settings: {'autoreload': True, 'debug': True}
[sqlalchemy.engine.base.Engine] 2017-04-30 00:50:31,883 INFO log:109: select version()
[sqlalchemy.engine.base.Engine] 2017-04-30 00:50:31,884 INFO log:109: {}
[sqlalchemy.engine.base.Engine] 2017-04-30 00:50:31,889 INFO log:109: select current_schema()
[sqlalchemy.engine.base.Engine] 2017-04-30 00:50:31,892 INFO log:109: {}
[sqlalchemy.engine.base.Engine] 2017-04-30 00:50:31,896 INFO log:109: SELECT CAST('test plain returns' AS VARCHAR(60)) AS anon_1
[sqlalchemy.engine.base.Engine] 2017-04-30 00:50:31,896 INFO log:109: {}
[sqlalchemy.engine.base.Engine] 2017-04-30 00:50:31,898 INFO log:109: SELECT CAST('test unicode returns' AS VARCHAR(60)) AS anon_1
[sqlalchemy.engine.base.Engine] 2017-04-30 00:50:31,899 INFO log:109: {}
[sqlalchemy.engine.base.Engine] 2017-04-30 00:50:31,900 INFO log:109: show standard_conforming_strings
[sqlalchemy.engine.base.Engine] 2017-04-30 00:50:31,902 INFO log:109: {}
[sqlalchemy.engine.base.Engine] 2017-04-30 00:50:31,905 INFO log:109: select relname from pg_class c join pg_namespace n on n.oid=c.relnamespace where pg_catalog.pg_table_is_visible(c.oid) and relname=%(name)s
[sqlalchemy.engine.base.Engine] 2017-04-30 00:50:31,913 INFO log:109: {'name': 'team'}
[sqlalchemy.engine.base.Engine] 2017-04-30 00:50:31,935 INFO log:109: select relname from pg_class c join pg_namespace n on n.oid=c.relnamespace where pg_catalog.pg_table_is_visible(c.oid) and relname=%(name)s
[sqlalchemy.engine.base.Engine] 2017-04-30 00:50:31,936 INFO log:109: {'name': 'draft'}
[sqlalchemy.engine.base.Engine] 2017-04-30 00:50:31,945 INFO log:109: select relname from pg_class c join pg_namespace n on n.oid=c.relnamespace where pg_catalog.pg_table_is_visible(c.oid) and relname=%(name)s
[sqlalchemy.engine.base.Engine] 2017-04-30 00:50:31,946 INFO log:109: {'name': 'player'}
[__main__] 2017-04-30 00:50:31,975 INFO __main__:64: Server started
[__main__] 2017-04-30 00:52:32,866 INFO __main__:45: Settings: {'autoreload': True, 'debug': True}
[sqlalchemy.engine.base.Engine] 2017-04-30 00:52:32,947 INFO log:109: select version()
[sqlalchemy.engine.base.Engine] 2017-04-30 00:52:32,948 INFO log:109: {}
[sqlalchemy.engine.base.Engine] 2017-04-30 00:52:32,950 INFO log:109: select current_schema()
[sqlalchemy.engine.base.Engine] 2017-04-30 00:52:32,951 INFO log:109: {}
[sqlalchemy.engine.base.Engine] 2017-04-30 00:52:32,952 INFO log:109: SELECT CAST('test plain returns' AS VARCHAR(60)) AS anon_1
[sqlalchemy.engine.base.Engine] 2017-04-30 00:52:32,953 INFO log:109: {}
[sqlalchemy.engine.base.Engine] 2017-04-30 00:52:32,956 INFO log:109: SELECT CAST('test unicode returns' AS VARCHAR(60)) AS anon_1
[sqlalchemy.engine.base.Engine] 2017-04-30 00:52:32,968 INFO log:109: {}
[sqlalchemy.engine.base.Engine] 2017-04-30 00:52:32,970 INFO log:109: show standard_conforming_strings
[sqlalchemy.engine.base.Engine] 2017-04-30 00:52:32,970 INFO log:109: {}
[sqlalchemy.engine.base.Engine] 2017-04-30 00:52:32,972 INFO log:109: select relname from pg_class c join pg_namespace n on n.oid=c.relnamespace where pg_catalog.pg_table_is_visible(c.oid) and relname=%(name)s
[sqlalchemy.engine.base.Engine] 2017-04-30 00:52:32,973 INFO log:109: {'name': 'draft'}
[sqlalchemy.engine.base.Engine] 2017-04-30 00:52:32,985 INFO log:109: select relname from pg_class c join pg_namespace n on n.oid=c.relnamespace where pg_catalog.pg_table_is_visible(c.oid) and relname=%(name)s
[sqlalchemy.engine.base.Engine] 2017-04-30 00:52:32,986 INFO log:109: {'name': 'team'}
[sqlalchemy.engine.base.Engine] 2017-04-30 00:52:32,992 INFO log:109: select relname from pg_class c join pg_namespace n on n.oid=c.relnamespace where pg_catalog.pg_table_is_visible(c.oid) and relname=%(name)s
[sqlalchemy.engine.base.Engine] 2017-04-30 00:52:32,992 INFO log:109: {'name': 'player'}
[__main__] 2017-04-30 00:52:33,004 INFO __main__:64: Server started
[__main__] 2017-04-30 00:59:42,731 INFO __main__:45: Settings: {'autoreload': True, 'debug': True}
[sqlalchemy.engine.base.Engine] 2017-04-30 00:59:42,816 INFO log:109: select version()
[sqlalchemy.engine.base.Engine] 2017-04-30 00:59:42,817 INFO log:109: {}
[sqlalchemy.engine.base.Engine] 2017-04-30 00:59:42,820 INFO log:109: select current_schema()
[sqlalchemy.engine.base.Engine] 2017-04-30 00:59:42,821 INFO log:109: {}
[sqlalchemy.engine.base.Engine] 2017-04-30 00:59:42,824 INFO log:109: SELECT CAST('test plain returns' AS VARCHAR(60)) AS anon_1
[sqlalchemy.engine.base.Engine] 2017-04-30 00:59:42,825 INFO log:109: {}
[sqlalchemy.engine.base.Engine] 2017-04-30 00:59:42,827 INFO log:109: SELECT CAST('test unicode returns' AS VARCHAR(60)) AS anon_1
[sqlalchemy.engine.base.Engine] 2017-04-30 00:59:42,828 INFO log:109: {}
[sqlalchemy.engine.base.Engine] 2017-04-30 00:59:42,829 INFO log:109: show standard_conforming_strings
[sqlalchemy.engine.base.Engine] 2017-04-30 00:59:42,829 INFO log:109: {}
[sqlalchemy.engine.base.Engine] 2017-04-30 00:59:42,831 INFO log:109: select relname from pg_class c join pg_namespace n on n.oid=c.relnamespace where pg_catalog.pg_table_is_visible(c.oid) and relname=%(name)s
[sqlalchemy.engine.base.Engine] 2017-04-30 00:59:42,832 INFO log:109: {'name': 'draft'}
[sqlalchemy.engine.base.Engine] 2017-04-30 00:59:42,843 INFO log:109: select relname from pg_class c join pg_namespace n on n.oid=c.relnamespace where pg_catalog.pg_table_is_visible(c.oid) and relname=%(name)s
[sqlalchemy.engine.base.Engine] 2017-04-30 00:59:42,844 INFO log:109: {'name': 'team'}
[sqlalchemy.engine.base.Engine] 2017-04-30 00:59:42,849 INFO log:109: select relname from pg_class c join pg_namespace n on n.oid=c.relnamespace where pg_catalog.pg_table_is_visible(c.oid) and relname=%(name)s
[sqlalchemy.engine.base.Engine] 2017-04-30 00:59:42,849 INFO log:109: {'name': 'player'}
[__main__] 2017-04-30 00:59:42,862 INFO __main__:64: Server started
[__main__] 2017-04-30 01:16:03,533 INFO __main__:45: Settings: {'debug': True, 'autoreload': True}
[sqlalchemy.engine.base.Engine] 2017-04-30 01:16:03,618 INFO log:109: select version()
[sqlalchemy.engine.base.Engine] 2017-04-30 01:16:03,619 INFO log:109: {}
[sqlalchemy.engine.base.Engine] 2017-04-30 01:16:03,623 INFO log:109: select current_schema()
[sqlalchemy.engine.base.Engine] 2017-04-30 01:16:03,624 INFO log:109: {}
[sqlalchemy.engine.base.Engine] 2017-04-30 01:16:03,629 INFO log:109: SELECT CAST('test plain returns' AS VARCHAR(60)) AS anon_1
[sqlalchemy.engine.base.Engine] 2017-04-30 01:16:03,631 INFO log:109: {}
[sqlalchemy.engine.base.Engine] 2017-04-30 01:16:03,634 INFO log:109: SELECT CAST('test unicode returns' AS VARCHAR(60)) AS anon_1
[sqlalchemy.engine.base.Engine] 2017-04-30 01:16:03,635 INFO log:109: {}
[sqlalchemy.engine.base.Engine] 2017-04-30 01:16:03,637 INFO log:109: show standard_conforming_strings
[sqlalchemy.engine.base.Engine] 2017-04-30 01:16:03,638 INFO log:109: {}
[sqlalchemy.engine.base.Engine] 2017-04-30 01:16:03,640 INFO log:109: select relname from pg_class c join pg_namespace n on n.oid=c.relnamespace where pg_catalog.pg_table_is_visible(c.oid) and relname=%(name)s
[sqlalchemy.engine.base.Engine] 2017-04-30 01:16:03,641 INFO log:109: {'name': 'draft'}
[sqlalchemy.engine.base.Engine] 2017-04-30 01:16:03,654 INFO log:109: select relname from pg_class c join pg_namespace n on n.oid=c.relnamespace where pg_catalog.pg_table_is_visible(c.oid) and relname=%(name)s
[sqlalchemy.engine.base.Engine] 2017-04-30 01:16:03,654 INFO log:109: {'name': 'team'}
[sqlalchemy.engine.base.Engine] 2017-04-30 01:16:03,660 INFO log:109: select relname from pg_class c join pg_namespace n on n.oid=c.relnamespace where pg_catalog.pg_table_is_visible(c.oid) and relname=%(name)s
[sqlalchemy.engine.base.Engine] 2017-04-30 01:16:03,661 INFO log:109: {'name': 'player'}
[__main__] 2017-04-30 01:16:03,672 INFO __main__:64: Server started
[__main__] 2017-04-30 02:11:55,607 INFO __main__:45: Settings: {'debug': True, 'autoreload': True}
[sqlalchemy.engine.base.Engine] 2017-04-30 02:11:55,681 INFO log:109: select version()
[sqlalchemy.engine.base.Engine] 2017-04-30 02:11:55,682 INFO log:109: {}
[sqlalchemy.engine.base.Engine] 2017-04-30 02:11:55,686 INFO log:109: select current_schema()
[sqlalchemy.engine.base.Engine] 2017-04-30 02:11:55,687 INFO log:109: {}
[sqlalchemy.engine.base.Engine] 2017-04-30 02:11:55,690 INFO log:109: SELECT CAST('test plain returns' AS VARCHAR(60)) AS anon_1
[sqlalchemy.engine.base.Engine] 2017-04-30 02:11:55,690 INFO log:109: {}
[sqlalchemy.engine.base.Engine] 2017-04-30 02:11:55,692 INFO log:109: SELECT CAST('test unicode returns' AS VARCHAR(60)) AS anon_1
[sqlalchemy.engine.base.Engine] 2017-04-30 02:11:55,692 INFO log:109: {}
[sqlalchemy.engine.base.Engine] 2017-04-30 02:11:55,693 INFO log:109: show standard_conforming_strings
[sqlalchemy.engine.base.Engine] 2017-04-30 02:11:55,694 INFO log:109: {}
[sqlalchemy.engine.base.Engine] 2017-04-30 02:11:55,696 INFO log:109: select relname from pg_class c join pg_namespace n on n.oid=c.relnamespace where pg_catalog.pg_table_is_visible(c.oid) and relname=%(name)s
[sqlalchemy.engine.base.Engine] 2017-04-30 02:11:55,698 INFO log:109: {'name': 'player'}
[sqlalchemy.engine.base.Engine] 2017-04-30 02:11:55,710 INFO log:109: select relname from pg_class c join pg_namespace n on n.oid=c.relnamespace where pg_catalog.pg_table_is_visible(c.oid) and relname=%(name)s
[sqlalchemy.engine.base.Engine] 2017-04-30 02:11:55,712 INFO log:109: {'name': 'draft'}
[sqlalchemy.engine.base.Engine] 2017-04-30 02:11:55,718 INFO log:109: select relname from pg_class c join pg_namespace n on n.oid=c.relnamespace where pg_catalog.pg_table_is_visible(c.oid) and relname=%(name)s
[sqlalchemy.engine.base.Engine] 2017-04-30 02:11:55,719 INFO log:109: {'name': 'team'}
[__main__] 2017-04-30 02:11:55,733 INFO __main__:64: Server started
[__main__] 2017-04-30 02:13:15,817 INFO __main__:45: Settings: {'autoreload': True, 'debug': True}
[sqlalchemy.engine.base.Engine] 2017-04-30 02:13:15,899 INFO log:109: select version()
[sqlalchemy.engine.base.Engine] 2017-04-30 02:13:15,900 INFO log:109: {}
[sqlalchemy.engine.base.Engine] 2017-04-30 02:13:15,903 INFO log:109: select current_schema()
[sqlalchemy.engine.base.Engine] 2017-04-30 02:13:15,904 INFO log:109: {}
[sqlalchemy.engine.base.Engine] 2017-04-30 02:13:15,908 INFO log:109: SELECT CAST('test plain returns' AS VARCHAR(60)) AS anon_1
[sqlalchemy.engine.base.Engine] 2017-04-30 02:13:15,909 INFO log:109: {}
[sqlalchemy.engine.base.Engine] 2017-04-30 02:13:15,910 INFO log:109: SELECT CAST('test unicode returns' AS VARCHAR(60)) AS anon_1
[sqlalchemy.engine.base.Engine] 2017-04-30 02:13:15,911 INFO log:109: {}
[sqlalchemy.engine.base.Engine] 2017-04-30 02:13:15,912 INFO log:109: show standard_conforming_strings
[sqlalchemy.engine.base.Engine] 2017-04-30 02:13:15,913 INFO log:109: {}
[sqlalchemy.engine.base.Engine] 2017-04-30 02:13:15,915 INFO log:109: select relname from pg_class c join pg_namespace n on n.oid=c.relnamespace where pg_catalog.pg_table_is_visible(c.oid) and relname=%(name)s
[sqlalchemy.engine.base.Engine] 2017-04-30 02:13:15,915 INFO log:109: {'name': 'player'}
[sqlalchemy.engine.base.Engine] 2017-04-30 02:13:15,927 INFO log:109: select relname from pg_class c join pg_namespace n on n.oid=c.relnamespace where pg_catalog.pg_table_is_visible(c.oid) and relname=%(name)s
[sqlalchemy.engine.base.Engine] 2017-04-30 02:13:15,927 INFO log:109: {'name': 'draft'}
[sqlalchemy.engine.base.Engine] 2017-04-30 02:13:15,932 INFO log:109: select relname from pg_class c join pg_namespace n on n.oid=c.relnamespace where pg_catalog.pg_table_is_visible(c.oid) and relname=%(name)s
[sqlalchemy.engine.base.Engine] 2017-04-30 02:13:15,933 INFO log:109: {'name': 'team'}
[__main__] 2017-04-30 02:13:15,943 INFO __main__:64: Server started
[app.service] 2017-04-30 02:13:52,726 DEBUG service:38: Making GET "/players?target_price=true" request to stats service
[sqlalchemy.engine.base.Engine] 2017-04-30 02:13:53,224 INFO log:109: BEGIN (implicit)
[sqlalchemy.engine.base.Engine] 2017-04-30 02:13:53,243 INFO log:109: SELECT draft.id AS draft_id, draft.name AS draft_name, draft.round AS draft_round 
FROM draft 
WHERE draft.id = %(id_1)s 
 LIMIT %(param_1)s
[sqlalchemy.engine.base.Engine] 2017-04-30 02:13:53,244 INFO log:109: {'param_1': 1, 'id_1': 1}
[tornado.access] 2017-04-30 02:13:53,270 INFO web:2063: 200 GET /drafts/1 (172.26.0.3) 252.48ms
[sqlalchemy.engine.base.Engine] 2017-04-30 02:13:53,387 INFO log:109: SELECT team.id AS team_id, team.name AS team_name, team.money AS team_money, team.is_owner AS team_is_owner, team.is_turn AS team_is_turn, team."order" AS team_order, team.draft_id AS team_draft_id 
FROM team 
WHERE team.draft_id = %(draft_id_1)s
[sqlalchemy.engine.base.Engine] 2017-04-30 02:13:53,389 INFO log:109: {'draft_id_1': 1}
[tornado.application] 2017-04-30 02:13:53,401 ERROR web:1590: Uncaught exception GET /drafts/1/teams (172.26.0.3)
HTTPServerRequest(protocol='http', host='drafts', method='GET', uri='/drafts/1/teams', version='HTTP/1.1', remote_ip='172.26.0.3', headers={'Accept-Encoding': 'gzip', 'Connection': 'close', 'Host': 'drafts'})
Traceback (most recent call last):
  File "/usr/local/lib/python3.5/site-packages/tornado/web.py", line 1511, in _execute
    result = yield result
  File "/usr/local/lib/python3.5/site-packages/tornado/gen.py", line 1055, in run
    value = future.result()
  File "/usr/local/lib/python3.5/site-packages/tornado/concurrent.py", line 238, in result
    raise_exc_info(self._exc_info)
  File "<string>", line 4, in raise_exc_info
  File "/usr/local/lib/python3.5/site-packages/tornado/gen.py", line 1063, in run
    yielded = self.gen.throw(*exc_info)
  File "/app/app/handlers.py", line 153, in get
    starters, bench = yield self.get_starters_and_bench(self.db, team['id'])
  File "/usr/local/lib/python3.5/site-packages/tornado/gen.py", line 1055, in run
    value = future.result()
  File "/usr/local/lib/python3.5/site-packages/tornado/concurrent.py", line 238, in result
    raise_exc_info(self._exc_info)
  File "<string>", line 4, in raise_exc_info
  File "/usr/local/lib/python3.5/site-packages/tornado/gen.py", line 292, in wrapper
    result = func(*args, **kwargs)
TypeError: get_starters_and_bench() takes 2 positional arguments but 3 were given
[tornado.access] 2017-04-30 02:13:53,572 ERROR web:2063: 500 GET /drafts/1/teams (172.26.0.3) 290.46ms
[sqlalchemy.engine.base.Engine] 2017-04-30 02:13:53,945 INFO log:109: SELECT player.id AS player_id, player.paid_price AS player_paid_price, player.bench AS player_bench, player.core_id AS player_core_id, player.draft_id AS player_draft_id, player.team_id AS player_team_id 
FROM player 
WHERE player.draft_id = %(draft_id_1)s
[sqlalchemy.engine.base.Engine] 2017-04-30 02:13:53,957 INFO log:109: {'draft_id_1': 1}
[tornado.access] 2017-04-30 02:13:53,965 INFO web:2063: 200 GET /drafts/1/players (172.26.0.3) 1240.13ms
[tornado.general] 2017-04-30 02:14:53,962 INFO autoreload:198: /app/app/handlers.py modified; restarting server
[__main__] 2017-04-30 02:14:56,094 INFO __main__:45: Settings: {'autoreload': True, 'debug': True}
[sqlalchemy.engine.base.Engine] 2017-04-30 02:14:56,220 INFO log:109: select version()
[sqlalchemy.engine.base.Engine] 2017-04-30 02:14:56,222 INFO log:109: {}
[sqlalchemy.engine.base.Engine] 2017-04-30 02:14:56,224 INFO log:109: select current_schema()
[sqlalchemy.engine.base.Engine] 2017-04-30 02:14:56,226 INFO log:109: {}
[sqlalchemy.engine.base.Engine] 2017-04-30 02:14:56,229 INFO log:109: SELECT CAST('test plain returns' AS VARCHAR(60)) AS anon_1
[sqlalchemy.engine.base.Engine] 2017-04-30 02:14:56,230 INFO log:109: {}
[sqlalchemy.engine.base.Engine] 2017-04-30 02:14:56,232 INFO log:109: SELECT CAST('test unicode returns' AS VARCHAR(60)) AS anon_1
[sqlalchemy.engine.base.Engine] 2017-04-30 02:14:56,232 INFO log:109: {}
[sqlalchemy.engine.base.Engine] 2017-04-30 02:14:56,233 INFO log:109: show standard_conforming_strings
[sqlalchemy.engine.base.Engine] 2017-04-30 02:14:56,234 INFO log:109: {}
[sqlalchemy.engine.base.Engine] 2017-04-30 02:14:56,235 INFO log:109: select relname from pg_class c join pg_namespace n on n.oid=c.relnamespace where pg_catalog.pg_table_is_visible(c.oid) and relname=%(name)s
[sqlalchemy.engine.base.Engine] 2017-04-30 02:14:56,236 INFO log:109: {'name': 'draft'}
[sqlalchemy.engine.base.Engine] 2017-04-30 02:14:56,253 INFO log:109: select relname from pg_class c join pg_namespace n on n.oid=c.relnamespace where pg_catalog.pg_table_is_visible(c.oid) and relname=%(name)s
[sqlalchemy.engine.base.Engine] 2017-04-30 02:14:56,257 INFO log:109: {'name': 'team'}
[sqlalchemy.engine.base.Engine] 2017-04-30 02:14:56,263 INFO log:109: select relname from pg_class c join pg_namespace n on n.oid=c.relnamespace where pg_catalog.pg_table_is_visible(c.oid) and relname=%(name)s
[sqlalchemy.engine.base.Engine] 2017-04-30 02:14:56,264 INFO log:109: {'name': 'player'}
[__main__] 2017-04-30 02:14:56,293 INFO __main__:64: Server started
[sqlalchemy.engine.base.Engine] 2017-04-30 02:15:07,142 INFO log:109: BEGIN (implicit)
[sqlalchemy.engine.base.Engine] 2017-04-30 02:15:07,193 INFO log:109: SELECT draft.id AS draft_id, draft.name AS draft_name, draft.round AS draft_round 
FROM draft 
WHERE draft.id = %(id_1)s 
 LIMIT %(param_1)s
[sqlalchemy.engine.base.Engine] 2017-04-30 02:15:07,194 INFO log:109: {'param_1': 1, 'id_1': 1}
[tornado.access] 2017-04-30 02:15:07,482 INFO web:2063: 200 GET /drafts/1 (172.26.0.3) 468.48ms
[app.service] 2017-04-30 02:15:07,488 DEBUG service:38: Making GET "/players?target_price=true" request to stats service
[sqlalchemy.engine.base.Engine] 2017-04-30 02:15:07,495 INFO log:109: SELECT team.id AS team_id, team.name AS team_name, team.money AS team_money, team.is_owner AS team_is_owner, team.is_turn AS team_is_turn, team."order" AS team_order, team.draft_id AS team_draft_id 
FROM team 
WHERE team.draft_id = %(draft_id_1)s
[sqlalchemy.engine.base.Engine] 2017-04-30 02:15:07,508 INFO log:109: {'draft_id_1': 1}
[app.service] 2017-04-30 02:15:07,516 DEBUG service:38: Making GET "/players" request to stats service
[sqlalchemy.engine.base.Engine] 2017-04-30 02:15:07,550 INFO log:109: SELECT player.id AS player_id, player.paid_price AS player_paid_price, player.bench AS player_bench, player.core_id AS player_core_id, player.draft_id AS player_draft_id, player.team_id AS player_team_id 
FROM player 
WHERE player.draft_id = %(draft_id_1)s
[sqlalchemy.engine.base.Engine] 2017-04-30 02:15:07,552 INFO log:109: {'draft_id_1': 1}
[tornado.access] 2017-04-30 02:15:07,584 INFO web:2063: 200 GET /drafts/1/players (172.26.0.3) 96.10ms
[sqlalchemy.engine.base.Engine] 2017-04-30 02:15:07,617 INFO log:109: SELECT player.id AS player_id, player.paid_price AS player_paid_price, player.bench AS player_bench, player.core_id AS player_core_id, player.draft_id AS player_draft_id, player.team_id AS player_team_id 
FROM player 
WHERE player.team_id = %(team_id_1)s
[sqlalchemy.engine.base.Engine] 2017-04-30 02:15:07,637 INFO log:109: {'team_id_1': 1}
[tornado.application] 2017-04-30 02:15:07,723 ERROR web:1590: Uncaught exception GET /drafts/1/teams (172.26.0.3)
HTTPServerRequest(protocol='http', host='drafts', method='GET', uri='/drafts/1/teams', version='HTTP/1.1', remote_ip='172.26.0.3', headers={'Connection': 'close', 'Host': 'drafts', 'Accept-Encoding': 'gzip'})
Traceback (most recent call last):
  File "/usr/local/lib/python3.5/site-packages/tornado/web.py", line 1511, in _execute
    result = yield result
  File "/usr/local/lib/python3.5/site-packages/tornado/gen.py", line 1055, in run
    value = future.result()
  File "/usr/local/lib/python3.5/site-packages/tornado/concurrent.py", line 238, in result
    raise_exc_info(self._exc_info)
  File "<string>", line 4, in raise_exc_info
  File "/usr/local/lib/python3.5/site-packages/tornado/gen.py", line 1063, in run
    yielded = self.gen.throw(*exc_info)
  File "/app/app/handlers.py", line 153, in get
    starters, bench = yield self.get_starters_and_bench(team['id'])
  File "/usr/local/lib/python3.5/site-packages/tornado/gen.py", line 1055, in run
    value = future.result()
  File "/usr/local/lib/python3.5/site-packages/tornado/concurrent.py", line 238, in result
    raise_exc_info(self._exc_info)
  File "<string>", line 4, in raise_exc_info
  File "/usr/local/lib/python3.5/site-packages/tornado/gen.py", line 1069, in run
    yielded = self.gen.send(value)
  File "/app/app/handlers.py", line 94, in get_starters_and_bench
    for player in owned_players:
TypeError: 'NoneType' object is not iterable
[tornado.access] 2017-04-30 02:15:07,763 ERROR web:2063: 500 GET /drafts/1/teams (172.26.0.3) 272.26ms
[tornado.general] 2017-04-30 02:16:13,299 INFO autoreload:198: /app/app/handlers.py modified; restarting server
[__main__] 2017-04-30 02:16:16,954 INFO __main__:45: Settings: {'autoreload': True, 'debug': True}
[sqlalchemy.engine.base.Engine] 2017-04-30 02:16:17,182 INFO log:109: select version()
[sqlalchemy.engine.base.Engine] 2017-04-30 02:16:17,183 INFO log:109: {}
[sqlalchemy.engine.base.Engine] 2017-04-30 02:16:17,190 INFO log:109: select current_schema()
[sqlalchemy.engine.base.Engine] 2017-04-30 02:16:17,191 INFO log:109: {}
[sqlalchemy.engine.base.Engine] 2017-04-30 02:16:17,201 INFO log:109: SELECT CAST('test plain returns' AS VARCHAR(60)) AS anon_1
[sqlalchemy.engine.base.Engine] 2017-04-30 02:16:17,202 INFO log:109: {}
[sqlalchemy.engine.base.Engine] 2017-04-30 02:16:17,205 INFO log:109: SELECT CAST('test unicode returns' AS VARCHAR(60)) AS anon_1
[sqlalchemy.engine.base.Engine] 2017-04-30 02:16:17,206 INFO log:109: {}
[sqlalchemy.engine.base.Engine] 2017-04-30 02:16:17,208 INFO log:109: show standard_conforming_strings
[sqlalchemy.engine.base.Engine] 2017-04-30 02:16:17,209 INFO log:109: {}
[sqlalchemy.engine.base.Engine] 2017-04-30 02:16:17,211 INFO log:109: select relname from pg_class c join pg_namespace n on n.oid=c.relnamespace where pg_catalog.pg_table_is_visible(c.oid) and relname=%(name)s
[sqlalchemy.engine.base.Engine] 2017-04-30 02:16:17,212 INFO log:109: {'name': 'draft'}
[sqlalchemy.engine.base.Engine] 2017-04-30 02:16:17,224 INFO log:109: select relname from pg_class c join pg_namespace n on n.oid=c.relnamespace where pg_catalog.pg_table_is_visible(c.oid) and relname=%(name)s
[sqlalchemy.engine.base.Engine] 2017-04-30 02:16:17,226 INFO log:109: {'name': 'player'}
[sqlalchemy.engine.base.Engine] 2017-04-30 02:16:17,268 INFO log:109: select relname from pg_class c join pg_namespace n on n.oid=c.relnamespace where pg_catalog.pg_table_is_visible(c.oid) and relname=%(name)s
[sqlalchemy.engine.base.Engine] 2017-04-30 02:16:17,269 INFO log:109: {'name': 'team'}
[__main__] 2017-04-30 02:16:17,301 INFO __main__:64: Server started
[sqlalchemy.engine.base.Engine] 2017-04-30 02:16:24,401 INFO log:109: BEGIN (implicit)
[sqlalchemy.engine.base.Engine] 2017-04-30 02:16:24,448 INFO log:109: SELECT draft.id AS draft_id, draft.name AS draft_name, draft.round AS draft_round 
FROM draft 
WHERE draft.id = %(id_1)s 
 LIMIT %(param_1)s
[sqlalchemy.engine.base.Engine] 2017-04-30 02:16:24,450 INFO log:109: {'id_1': 1, 'param_1': 1}
[tornado.access] 2017-04-30 02:16:24,477 INFO web:2063: 200 GET /drafts/1 (172.26.0.3) 633.18ms
[app.service] 2017-04-30 02:16:24,482 DEBUG service:38: Making GET "/players?target_price=true" request to stats service
[sqlalchemy.engine.base.Engine] 2017-04-30 02:16:24,494 INFO log:109: SELECT team.id AS team_id, team.name AS team_name, team.money AS team_money, team.is_owner AS team_is_owner, team.is_turn AS team_is_turn, team."order" AS team_order, team.draft_id AS team_draft_id 
FROM team 
WHERE team.draft_id = %(draft_id_1)s
[sqlalchemy.engine.base.Engine] 2017-04-30 02:16:24,497 INFO log:109: {'draft_id_1': 1}
[app.service] 2017-04-30 02:16:24,508 DEBUG service:38: Making GET "/players" request to stats service
[sqlalchemy.engine.base.Engine] 2017-04-30 02:16:24,746 INFO log:109: SELECT player.id AS player_id, player.paid_price AS player_paid_price, player.bench AS player_bench, player.core_id AS player_core_id, player.draft_id AS player_draft_id, player.team_id AS player_team_id 
FROM player 
WHERE player.team_id = %(team_id_1)s
[sqlalchemy.engine.base.Engine] 2017-04-30 02:16:24,770 INFO log:109: {'team_id_1': 1}
[app.service] 2017-04-30 02:16:24,931 DEBUG service:38: Making GET "/players" request to stats service
[sqlalchemy.engine.base.Engine] 2017-04-30 02:16:24,954 INFO log:109: SELECT player.id AS player_id, player.paid_price AS player_paid_price, player.bench AS player_bench, player.core_id AS player_core_id, player.draft_id AS player_draft_id, player.team_id AS player_team_id 
FROM player 
WHERE player.draft_id = %(draft_id_1)s
[sqlalchemy.engine.base.Engine] 2017-04-30 02:16:24,980 INFO log:109: {'draft_id_1': 1}
[tornado.access] 2017-04-30 02:16:25,052 INFO web:2063: 200 GET /drafts/1/players (172.26.0.3) 570.86ms
[sqlalchemy.engine.base.Engine] 2017-04-30 02:16:25,145 INFO log:109: SELECT player.id AS player_id, player.paid_price AS player_paid_price, player.bench AS player_bench, player.core_id AS player_core_id, player.draft_id AS player_draft_id, player.team_id AS player_team_id 
FROM player 
WHERE player.team_id = %(team_id_1)s
[sqlalchemy.engine.base.Engine] 2017-04-30 02:16:25,153 INFO log:109: {'team_id_1': 2}
[tornado.access] 2017-04-30 02:16:25,238 INFO web:2063: 200 GET /drafts/1/teams (172.26.0.3) 745.91ms
[sqlalchemy.engine.base.Engine] 2017-04-30 02:16:35,605 INFO log:109: SELECT draft.id AS draft_id, draft.name AS draft_name, draft.round AS draft_round 
FROM draft 
WHERE draft.id = %(id_1)s 
 LIMIT %(param_1)s
[sqlalchemy.engine.base.Engine] 2017-04-30 02:16:35,608 INFO log:109: {'id_1': 1, 'param_1': 1}
[tornado.access] 2017-04-30 02:16:35,612 INFO web:2063: 200 GET /drafts/1 (172.26.0.3) 9.53ms
[sqlalchemy.engine.base.Engine] 2017-04-30 02:16:35,624 INFO log:109: SELECT team.id AS team_id, team.name AS team_name, team.money AS team_money, team.is_owner AS team_is_owner, team.is_turn AS team_is_turn, team."order" AS team_order, team.draft_id AS team_draft_id 
FROM team 
WHERE team.draft_id = %(draft_id_1)s
[sqlalchemy.engine.base.Engine] 2017-04-30 02:16:35,625 INFO log:109: {'draft_id_1': 1}
[app.service] 2017-04-30 02:16:35,638 DEBUG service:38: Making GET "/players" request to stats service
[app.service] 2017-04-30 02:16:35,646 DEBUG service:38: Making GET "/players?target_price=true" request to stats service
[sqlalchemy.engine.base.Engine] 2017-04-30 02:16:37,266 INFO log:109: SELECT player.id AS player_id, player.paid_price AS player_paid_price, player.bench AS player_bench, player.core_id AS player_core_id, player.draft_id AS player_draft_id, player.team_id AS player_team_id 
FROM player 
WHERE player.team_id = %(team_id_1)s
[sqlalchemy.engine.base.Engine] 2017-04-30 02:16:37,268 INFO log:109: {'team_id_1': 1}
[app.service] 2017-04-30 02:16:37,278 DEBUG service:38: Making GET "/players" request to stats service
[sqlalchemy.engine.base.Engine] 2017-04-30 02:16:37,294 INFO log:109: SELECT player.id AS player_id, player.paid_price AS player_paid_price, player.bench AS player_bench, player.core_id AS player_core_id, player.draft_id AS player_draft_id, player.team_id AS player_team_id 
FROM player 
WHERE player.draft_id = %(draft_id_1)s
[sqlalchemy.engine.base.Engine] 2017-04-30 02:16:37,296 INFO log:109: {'draft_id_1': 1}
[tornado.access] 2017-04-30 02:16:37,318 INFO web:2063: 200 GET /drafts/1/players (172.26.0.3) 1672.42ms
[sqlalchemy.engine.base.Engine] 2017-04-30 02:16:37,464 INFO log:109: SELECT player.id AS player_id, player.paid_price AS player_paid_price, player.bench AS player_bench, player.core_id AS player_core_id, player.draft_id AS player_draft_id, player.team_id AS player_team_id 
FROM player 
WHERE player.team_id = %(team_id_1)s
[sqlalchemy.engine.base.Engine] 2017-04-30 02:16:37,466 INFO log:109: {'team_id_1': 2}
[tornado.access] 2017-04-30 02:16:37,490 INFO web:2063: 200 GET /drafts/1/teams (172.26.0.3) 1866.72ms
[sqlalchemy.engine.base.Engine] 2017-04-30 02:19:48,622 INFO log:109: SELECT draft.id AS draft_id, draft.name AS draft_name, draft.round AS draft_round 
FROM draft 
WHERE draft.id = %(id_1)s 
 LIMIT %(param_1)s
[sqlalchemy.engine.base.Engine] 2017-04-30 02:19:48,638 INFO log:109: {'id_1': 1, 'param_1': 1}
[tornado.access] 2017-04-30 02:19:48,699 INFO web:2063: 200 GET /drafts/1 (172.26.0.3) 84.11ms
[app.service] 2017-04-30 02:19:48,703 DEBUG service:38: Making GET "/players?target_price=true" request to stats service
[sqlalchemy.engine.base.Engine] 2017-04-30 02:19:48,716 INFO log:109: SELECT team.id AS team_id, team.name AS team_name, team.money AS team_money, team.is_owner AS team_is_owner, team.is_turn AS team_is_turn, team."order" AS team_order, team.draft_id AS team_draft_id 
FROM team 
WHERE team.draft_id = %(draft_id_1)s
[sqlalchemy.engine.base.Engine] 2017-04-30 02:19:48,724 INFO log:109: {'draft_id_1': 1}
[app.service] 2017-04-30 02:19:48,731 DEBUG service:38: Making GET "/players" request to stats service
[sqlalchemy.engine.base.Engine] 2017-04-30 02:19:49,261 INFO log:109: SELECT player.id AS player_id, player.paid_price AS player_paid_price, player.bench AS player_bench, player.core_id AS player_core_id, player.draft_id AS player_draft_id, player.team_id AS player_team_id 
FROM player 
WHERE player.team_id = %(team_id_1)s
[sqlalchemy.engine.base.Engine] 2017-04-30 02:19:49,267 INFO log:109: {'team_id_1': 1}
[sqlalchemy.engine.base.Engine] 2017-04-30 02:19:49,282 INFO log:109: SELECT player.id AS player_id, player.paid_price AS player_paid_price, player.bench AS player_bench, player.core_id AS player_core_id, player.draft_id AS player_draft_id, player.team_id AS player_team_id 
FROM player 
WHERE player.draft_id = %(draft_id_1)s
[sqlalchemy.engine.base.Engine] 2017-04-30 02:19:49,285 INFO log:109: {'draft_id_1': 1}
[tornado.access] 2017-04-30 02:19:49,302 INFO web:2063: 200 GET /drafts/1/players (172.26.0.3) 600.12ms
[app.service] 2017-04-30 02:19:49,305 DEBUG service:38: Making GET "/players" request to stats service
[sqlalchemy.engine.base.Engine] 2017-04-30 02:19:49,417 INFO log:109: SELECT player.id AS player_id, player.paid_price AS player_paid_price, player.bench AS player_bench, player.core_id AS player_core_id, player.draft_id AS player_draft_id, player.team_id AS player_team_id 
FROM player 
WHERE player.team_id = %(team_id_1)s
[sqlalchemy.engine.base.Engine] 2017-04-30 02:19:49,422 INFO log:109: {'team_id_1': 2}
[tornado.access] 2017-04-30 02:19:49,434 INFO web:2063: 200 GET /drafts/1/teams (172.26.0.3) 720.52ms
[__main__] 2017-04-30 02:27:56,757 INFO __main__:45: Settings: {'debug': True, 'autoreload': True}
[sqlalchemy.engine.base.Engine] 2017-04-30 02:27:56,833 INFO log:109: select version()
[sqlalchemy.engine.base.Engine] 2017-04-30 02:27:56,834 INFO log:109: {}
[sqlalchemy.engine.base.Engine] 2017-04-30 02:27:56,836 INFO log:109: select current_schema()
[sqlalchemy.engine.base.Engine] 2017-04-30 02:27:56,837 INFO log:109: {}
[sqlalchemy.engine.base.Engine] 2017-04-30 02:27:56,840 INFO log:109: SELECT CAST('test plain returns' AS VARCHAR(60)) AS anon_1
[sqlalchemy.engine.base.Engine] 2017-04-30 02:27:56,841 INFO log:109: {}
[sqlalchemy.engine.base.Engine] 2017-04-30 02:27:56,842 INFO log:109: SELECT CAST('test unicode returns' AS VARCHAR(60)) AS anon_1
[sqlalchemy.engine.base.Engine] 2017-04-30 02:27:56,843 INFO log:109: {}
[sqlalchemy.engine.base.Engine] 2017-04-30 02:27:56,844 INFO log:109: show standard_conforming_strings
[sqlalchemy.engine.base.Engine] 2017-04-30 02:27:56,844 INFO log:109: {}
[sqlalchemy.engine.base.Engine] 2017-04-30 02:27:56,846 INFO log:109: select relname from pg_class c join pg_namespace n on n.oid=c.relnamespace where pg_catalog.pg_table_is_visible(c.oid) and relname=%(name)s
[sqlalchemy.engine.base.Engine] 2017-04-30 02:27:56,846 INFO log:109: {'name': 'draft'}
[sqlalchemy.engine.base.Engine] 2017-04-30 02:27:56,855 INFO log:109: select relname from pg_class c join pg_namespace n on n.oid=c.relnamespace where pg_catalog.pg_table_is_visible(c.oid) and relname=%(name)s
[sqlalchemy.engine.base.Engine] 2017-04-30 02:27:56,855 INFO log:109: {'name': 'player'}
[sqlalchemy.engine.base.Engine] 2017-04-30 02:27:56,859 INFO log:109: select relname from pg_class c join pg_namespace n on n.oid=c.relnamespace where pg_catalog.pg_table_is_visible(c.oid) and relname=%(name)s
[sqlalchemy.engine.base.Engine] 2017-04-30 02:27:56,860 INFO log:109: {'name': 'team'}
[__main__] 2017-04-30 02:27:56,871 INFO __main__:64: Server started
